{"numTotalTestSuites":150,"numPassedTestSuites":150,"numFailedTestSuites":0,"numPendingTestSuites":0,"numTotalTests":371,"numPassedTests":371,"numFailedTests":0,"numPendingTests":0,"numTodoTests":0,"snapshot":{"added":0,"failure":false,"filesAdded":0,"filesRemoved":0,"filesRemovedList":[],"filesUnmatched":0,"filesUpdated":0,"matched":0,"total":0,"unchecked":0,"uncheckedKeysByFile":[],"unmatched":0,"updated":0,"didUpdate":false},"startTime":1777137446292,"success":true,"testResults":[{"assertionResults":[{"ancestorTitles":["admin api auth and delete behavior"],"fullName":"admin api auth and delete behavior rejects unauthorized admin events list requests","status":"passed","title":"rejects unauthorized admin events list requests","duration":8.247416999999984,"failureMessages":[],"meta":{},"tags":[]},{"ancestorTitles":["admin api auth and delete behavior"],"fullName":"admin api auth and delete behavior returns admin event listings when authorized","status":"passed","title":"returns admin event listings when authorized","duration":0.5585419999999885,"failureMessages":[],"meta":{},"tags":[]},{"ancestorTitles":["admin api auth and delete behavior"],"fullName":"admin api auth and delete behavior creates events when authorized","status":"passed","title":"creates events when authorized","duration":3.23516699999999,"failureMessages":[],"meta":{},"tags":[]},{"ancestorTitles":["admin api auth and delete behavior"],"fullName":"admin api auth and delete behavior rejects unsupported event logo types","status":"passed","title":"rejects unsupported event logo types","duration":6.055499999999995,"failureMessages":[],"meta":{},"tags":[]},{"ancestorTitles":["admin api auth and delete behavior"],"fullName":"admin api auth and delete behavior returns event photo listings when authorized","status":"passed","title":"returns event photo listings when authorized","duration":0.4388330000000451,"failureMessages":[],"meta":{},"tags":[]},{"ancestorTitles":["admin api auth and delete behavior"],"fullName":"admin api auth and delete behavior returns 404 for missing events in the photos route","status":"passed","title":"returns 404 for missing events in the photos route","duration":0.2377079999999978,"failureMessages":[],"meta":{},"tags":[]},{"ancestorTitles":["admin api auth and delete behavior"],"fullName":"admin api auth and delete behavior rejects unauthorized single photo delete requests","status":"passed","title":"rejects unauthorized single photo delete requests","duration":0.30845799999997325,"failureMessages":[],"meta":{},"tags":[]},{"ancestorTitles":["admin api auth and delete behavior"],"fullName":"admin api auth and delete behavior rejects unauthorized photo presign requests","status":"passed","title":"rejects unauthorized photo presign requests","duration":0.30174999999997,"failureMessages":[],"meta":{},"tags":[]},{"ancestorTitles":["admin api auth and delete behavior"],"fullName":"admin api auth and delete behavior returns a photo upload contract for authorized admins","status":"passed","title":"returns a photo upload contract for authorized admins","duration":0.8660000000000423,"failureMessages":[],"meta":{},"tags":[]},{"ancestorTitles":["admin api auth and delete behavior"],"fullName":"admin api auth and delete behavior passes actor identity to single photo hard-delete","status":"passed","title":"passes actor identity to single photo hard-delete","duration":0.21424999999999272,"failureMessages":[],"meta":{},"tags":[]},{"ancestorTitles":["admin api auth and delete behavior"],"fullName":"admin api auth and delete behavior requires idempotency key for batch delete","status":"passed","title":"requires idempotency key for batch delete","duration":0.2770420000000513,"failureMessages":[],"meta":{},"tags":[]},{"ancestorTitles":["admin api auth and delete behavior"],"fullName":"admin api auth and delete behavior rejects unauthorized photo reprocess requests","status":"passed","title":"rejects unauthorized photo reprocess requests","duration":0.2346249999999941,"failureMessages":[],"meta":{},"tags":[]},{"ancestorTitles":["admin api auth and delete behavior"],"fullName":"admin api auth and delete behavior reprocesses event photos for authorized admins","status":"passed","title":"reprocesses event photos for authorized admins","duration":0.23220800000001418,"failureMessages":[],"meta":{},"tags":[]},{"ancestorTitles":["admin api auth and delete behavior"],"fullName":"admin api auth and delete behavior returns 404 when reprocess target event is missing","status":"passed","title":"returns 404 when reprocess target event is missing","duration":0.1657910000000129,"failureMessages":[],"meta":{},"tags":[]},{"ancestorTitles":["admin api auth and delete behavior"],"fullName":"admin api auth and delete behavior rejects unauthorized manual notification requests","status":"passed","title":"rejects unauthorized manual notification requests","duration":0.3080410000000029,"failureMessages":[],"meta":{},"tags":[]},{"ancestorTitles":["admin api auth and delete behavior"],"fullName":"admin api auth and delete behavior validates attendee id for manual notification requests","status":"passed","title":"validates attendee id for manual notification requests","duration":0.2426669999999831,"failureMessages":[],"meta":{},"tags":[]},{"ancestorTitles":["admin api auth and delete behavior"],"fullName":"admin api auth and delete behavior sends manual matched-photo notification for an attendee","status":"passed","title":"sends manual matched-photo notification for an attendee","duration":0.2512500000000273,"failureMessages":[],"meta":{},"tags":[]},{"ancestorTitles":["admin api auth and delete behavior"],"fullName":"admin api auth and delete behavior returns 500 when notifier reports internal send failures","status":"passed","title":"returns 500 when notifier reports internal send failures","duration":0.202541999999994,"failureMessages":[],"meta":{},"tags":[]},{"ancestorTitles":["admin api auth and delete behavior"],"fullName":"admin api auth and delete behavior rejects idempotency-key reuse with a different payload","status":"passed","title":"rejects idempotency-key reuse with a different payload","duration":0.3773750000000291,"failureMessages":[],"meta":{},"tags":[]}],"startTime":1777137448802,"endTime":1777137448825.3774,"status":"passed","message":"","name":"/Users/alrs/Documents/projects/FaceLocator/tests/admin/admin-api-auth-delete.test.ts"},{"assertionResults":[{"ancestorTitles":["admin backend — env resolution"],"fullName":"admin backend — env resolution returns direct mode by default","status":"passed","title":"returns direct mode by default","duration":10.095249999999993,"failureMessages":[],"meta":{},"tags":[]},{"ancestorTitles":["admin backend — env resolution"],"fullName":"admin backend — env resolution returns lambda mode when ADMIN_READ_BACKEND=lambda","status":"passed","title":"returns lambda mode when ADMIN_READ_BACKEND=lambda","duration":0.3617910000000393,"failureMessages":[],"meta":{},"tags":[]},{"ancestorTitles":["admin backend — env resolution"],"fullName":"admin backend — env resolution falls back to default lambda name","status":"passed","title":"falls back to default lambda name","duration":0.26558299999999235,"failureMessages":[],"meta":{},"tags":[]},{"ancestorTitles":["admin backend — env resolution"],"fullName":"admin backend — env resolution reads FACE_LOCATOR_ADMIN_EVENTS_READ_LAMBDA_NAME env","status":"passed","title":"reads FACE_LOCATOR_ADMIN_EVENTS_READ_LAMBDA_NAME env","duration":0.1997920000000022,"failureMessages":[],"meta":{},"tags":[]},{"ancestorTitles":["admin backend — env resolution"],"fullName":"admin backend — env resolution falls back to default matched photo notifier name","status":"passed","title":"falls back to default matched photo notifier name","duration":0.34108399999996664,"failureMessages":[],"meta":{},"tags":[]},{"ancestorTitles":["admin backend — env resolution"],"fullName":"admin backend — env resolution reads FACE_LOCATOR_MATCHED_PHOTO_NOTIFIER_LAMBDA_NAME env","status":"passed","title":"reads FACE_LOCATOR_MATCHED_PHOTO_NOTIFIER_LAMBDA_NAME env","duration":0.1901250000000232,"failureMessages":[],"meta":{},"tags":[]},{"ancestorTitles":["AdminReadBackendError"],"fullName":"AdminReadBackendError carries statusCode and details","status":"passed","title":"carries statusCode and details","duration":0.33995799999996734,"failureMessages":[],"meta":{},"tags":[]},{"ancestorTitles":["listAdminEventsViaBackend — direct mode"],"fullName":"listAdminEventsViaBackend — direct mode delegates to repository in direct mode","status":"passed","title":"delegates to repository in direct mode","duration":3.0761250000000473,"failureMessages":[],"meta":{},"tags":[]},{"ancestorTitles":["listAdminEventsViaBackend — lambda mode"],"fullName":"listAdminEventsViaBackend — lambda mode invokes lambda and returns payload","status":"passed","title":"invokes lambda and returns payload","duration":0.9222500000000196,"failureMessages":[],"meta":{},"tags":[]},{"ancestorTitles":["listAdminEventsViaBackend — lambda mode"],"fullName":"listAdminEventsViaBackend — lambda mode throws AdminReadBackendError on empty payload","status":"passed","title":"throws AdminReadBackendError on empty payload","duration":1.3017500000000268,"failureMessages":[],"meta":{},"tags":[]},{"ancestorTitles":["listAdminEventsViaBackend — lambda mode"],"fullName":"listAdminEventsViaBackend — lambda mode throws AdminReadBackendError when lambda payload has statusCode shape","status":"passed","title":"throws AdminReadBackendError when lambda payload has statusCode shape","duration":0.41720800000001645,"failureMessages":[],"meta":{},"tags":[]},{"ancestorTitles":["listAdminEventsViaBackend — lambda mode"],"fullName":"listAdminEventsViaBackend — lambda mode wraps network errors in AdminReadBackendError","status":"passed","title":"wraps network errors in AdminReadBackendError","duration":6.2437080000000265,"failureMessages":[],"meta":{},"tags":[]},{"ancestorTitles":["getAdminEventPhotosPageViaBackend — lambda mode faceMatchSummary normalization"],"fullName":"getAdminEventPhotosPageViaBackend — lambda mode faceMatchSummary normalization normalizes matchedFaces from lambda payload","status":"passed","title":"normalizes matchedFaces from lambda payload","duration":2.066332999999986,"failureMessages":[],"meta":{},"tags":[]},{"ancestorTitles":["getAdminEventPhotosPageViaBackend — lambda mode faceMatchSummary normalization"],"fullName":"getAdminEventPhotosPageViaBackend — lambda mode faceMatchSummary normalization falls back gracefully when faceMatchSummary is missing","status":"passed","title":"falls back gracefully when faceMatchSummary is missing","duration":0.29599999999999227,"failureMessages":[],"meta":{},"tags":[]},{"ancestorTitles":["reprocessAdminEventPhotosViaBackend — lambda mode"],"fullName":"reprocessAdminEventPhotosViaBackend — lambda mode delegates to lambda and returns summary","status":"passed","title":"delegates to lambda and returns summary","duration":0.28062499999998636,"failureMessages":[],"meta":{},"tags":[]},{"ancestorTitles":["reprocessAdminEventPhotosViaBackend — direct mode"],"fullName":"reprocessAdminEventPhotosViaBackend — direct mode returns null when event is not found","status":"passed","title":"returns null when event is not found","duration":0.17899999999997362,"failureMessages":[],"meta":{},"tags":[]},{"ancestorTitles":["reprocessAdminEventPhotosViaBackend — direct mode"],"fullName":"reprocessAdminEventPhotosViaBackend — direct mode queues S3 copies and returns summary","status":"passed","title":"queues S3 copies and returns summary","duration":0.999416999999994,"failureMessages":[],"meta":{},"tags":[]},{"ancestorTitles":["reprocessAdminEventPhotosViaBackend — direct mode"],"fullName":"reprocessAdminEventPhotosViaBackend — direct mode records failed count when S3 copy throws","status":"passed","title":"records failed count when S3 copy throws","duration":0.459083000000021,"failureMessages":[],"meta":{},"tags":[]},{"ancestorTitles":["sendMatchedPhotoNotificationViaBackend"],"fullName":"sendMatchedPhotoNotificationViaBackend returns the notification summary on success","status":"passed","title":"returns the notification summary on success","duration":0.2246659999999565,"failureMessages":[],"meta":{},"tags":[]},{"ancestorTitles":["sendMatchedPhotoNotificationViaBackend"],"fullName":"sendMatchedPhotoNotificationViaBackend throws AdminReadBackendError on empty payload","status":"passed","title":"throws AdminReadBackendError on empty payload","duration":0.1382499999999709,"failureMessages":[],"meta":{},"tags":[]},{"ancestorTitles":["sendMatchedPhotoNotificationViaBackend"],"fullName":"sendMatchedPhotoNotificationViaBackend throws AdminReadBackendError when lambda returns error shape","status":"passed","title":"throws AdminReadBackendError when lambda returns error shape","duration":0.10258299999998144,"failureMessages":[],"meta":{},"tags":[]},{"ancestorTitles":["sendMatchedPhotoNotificationViaBackend"],"fullName":"sendMatchedPhotoNotificationViaBackend wraps network errors in AdminReadBackendError with 503","status":"passed","title":"wraps network errors in AdminReadBackendError with 503","duration":0.25875000000002046,"failureMessages":[],"meta":{},"tags":[]},{"ancestorTitles":["createAdminEventPhotoUploadViaBackend — direct mode"],"fullName":"createAdminEventPhotoUploadViaBackend — direct mode delegates to repository","status":"passed","title":"delegates to repository","duration":0.3840420000000222,"failureMessages":[],"meta":{},"tags":[]},{"ancestorTitles":["createAdminEventPhotoUploadViaBackend — lambda mode"],"fullName":"createAdminEventPhotoUploadViaBackend — lambda mode returns null when event is not found via getAdminEventPhotosPage","status":"passed","title":"returns null when event is not found via getAdminEventPhotosPage","duration":0.1531659999999988,"failureMessages":[],"meta":{},"tags":[]},{"ancestorTitles":["createAdminEventPhotoUploadViaBackend — lambda mode"],"fullName":"createAdminEventPhotoUploadViaBackend — lambda mode returns upload contract when event is found","status":"passed","title":"returns upload contract when event is found","duration":3.489666999999997,"failureMessages":[],"meta":{},"tags":[]}],"startTime":1777137447794,"endTime":1777137447827.4897,"status":"passed","message":"","name":"/Users/alrs/Documents/projects/FaceLocator/tests/admin/admin-backend.test.ts"},{"assertionResults":[{"ancestorTitles":["parseAdminPhotoPresignInput"],"fullName":"parseAdminPhotoPresignInput accepts image/jpeg content type","status":"passed","title":"accepts image/jpeg content type","duration":2.0322080000000255,"failureMessages":[],"meta":{},"tags":[]},{"ancestorTitles":["parseAdminPhotoPresignInput"],"fullName":"parseAdminPhotoPresignInput accepts image/jpeg with fileSizeBytes","status":"passed","title":"accepts image/jpeg with fileSizeBytes","duration":0.14270899999999642,"failureMessages":[],"meta":{},"tags":[]},{"ancestorTitles":["parseAdminPhotoPresignInput"],"fullName":"parseAdminPhotoPresignInput rejects non-jpeg content types","status":"passed","title":"rejects non-jpeg content types","duration":0.07366700000000037,"failureMessages":[],"meta":{},"tags":[]},{"ancestorTitles":["parseAdminPhotoPresignInput"],"fullName":"parseAdminPhotoPresignInput rejects empty content type","status":"passed","title":"rejects empty content type","duration":0.05470900000000256,"failureMessages":[],"meta":{},"tags":[]},{"ancestorTitles":["parseAdminPhotoPresignInput"],"fullName":"parseAdminPhotoPresignInput rejects null payload","status":"passed","title":"rejects null payload","duration":0.05129099999999198,"failureMessages":[],"meta":{},"tags":[]},{"ancestorTitles":["parseAdminPhotoPresignInput"],"fullName":"parseAdminPhotoPresignInput ignores non-finite fileSizeBytes","status":"passed","title":"ignores non-finite fileSizeBytes","duration":0.08179100000000972,"failureMessages":[],"meta":{},"tags":[]},{"ancestorTitles":["parseBatchDeleteInput — extended"],"fullName":"parseBatchDeleteInput — extended deduplicates photoIds","status":"passed","title":"deduplicates photoIds","duration":0.5521249999999895,"failureMessages":[],"meta":{},"tags":[]},{"ancestorTitles":["parseBatchDeleteInput — extended"],"fullName":"parseBatchDeleteInput — extended filters blank strings","status":"passed","title":"filters blank strings","duration":0.11179100000001085,"failureMessages":[],"meta":{},"tags":[]},{"ancestorTitles":["parseBatchDeleteInput — extended"],"fullName":"parseBatchDeleteInput — extended rejects more than 100 photoIds","status":"passed","title":"rejects more than 100 photoIds","duration":0.1634999999999991,"failureMessages":[],"meta":{},"tags":[]},{"ancestorTitles":["parseBatchDeleteInput — extended"],"fullName":"parseBatchDeleteInput — extended rejects non-array photoIds","status":"passed","title":"rejects non-array photoIds","duration":0.04600000000002069,"failureMessages":[],"meta":{},"tags":[]},{"ancestorTitles":["parseBatchDeleteInput — extended"],"fullName":"parseBatchDeleteInput — extended rejects empty photoIds array","status":"passed","title":"rejects empty photoIds array","duration":1.5992499999999836,"failureMessages":[],"meta":{},"tags":[]},{"ancestorTitles":["parseCreateEventInput — edge cases"],"fullName":"parseCreateEventInput — edge cases rejects end date before start date","status":"passed","title":"rejects end date before start date","duration":1.3832500000000039,"failureMessages":[],"meta":{},"tags":[]},{"ancestorTitles":["parseCreateEventInput — edge cases"],"fullName":"parseCreateEventInput — edge cases rejects slug with spaces","status":"passed","title":"rejects slug with spaces","duration":0.12329199999999219,"failureMessages":[],"meta":{},"tags":[]},{"ancestorTitles":["parseCreateEventInput — edge cases"],"fullName":"parseCreateEventInput — edge cases rejects slug too short","status":"passed","title":"rejects slug too short","duration":0.04800000000000182,"failureMessages":[],"meta":{},"tags":[]},{"ancestorTitles":["parseCreateEventInput — edge cases"],"fullName":"parseCreateEventInput — edge cases rejects title shorter than 2 characters","status":"passed","title":"rejects title shorter than 2 characters","duration":0.03845899999998892,"failureMessages":[],"meta":{},"tags":[]},{"ancestorTitles":["parseCreateEventInput — edge cases"],"fullName":"parseCreateEventInput — edge cases rejects description shorter than 4 characters","status":"passed","title":"rejects description shorter than 4 characters","duration":0.03937500000000682,"failureMessages":[],"meta":{},"tags":[]},{"ancestorTitles":["parseCreateEventInput — edge cases"],"fullName":"parseCreateEventInput — edge cases rejects invalid ISO dates","status":"passed","title":"rejects invalid ISO dates","duration":0.0373339999999871,"failureMessages":[],"meta":{},"tags":[]},{"ancestorTitles":["parseCreateEventInput — edge cases"],"fullName":"parseCreateEventInput — edge cases trims and lowercases the slug","status":"passed","title":"trims and lowercases the slug","duration":0.07383400000000506,"failureMessages":[],"meta":{},"tags":[]},{"ancestorTitles":["parseCreateEventInput — edge cases"],"fullName":"parseCreateEventInput — edge cases accepts optional logoObjectKey","status":"passed","title":"accepts optional logoObjectKey","duration":0.05299999999999727,"failureMessages":[],"meta":{},"tags":[]},{"ancestorTitles":["parseCreateEventInput — edge cases"],"fullName":"parseCreateEventInput — edge cases ignores empty logoObjectKey","status":"passed","title":"ignores empty logoObjectKey","duration":0.049040999999988344,"failureMessages":[],"meta":{},"tags":[]},{"ancestorTitles":["parseCreateEventInput — edge cases"],"fullName":"parseCreateEventInput — edge cases rejects null payload","status":"passed","title":"rejects null payload","duration":0.031791999999995824,"failureMessages":[],"meta":{},"tags":[]},{"ancestorTitles":["parsePaginationQuery — edge cases"],"fullName":"parsePaginationQuery — edge cases uses defaults when values are missing","status":"passed","title":"uses defaults when values are missing","duration":0.12254200000000992,"failureMessages":[],"meta":{},"tags":[]},{"ancestorTitles":["parsePaginationQuery — edge cases"],"fullName":"parsePaginationQuery — edge cases caps pageSize at ADMIN_MAX_PAGE_SIZE","status":"passed","title":"caps pageSize at ADMIN_MAX_PAGE_SIZE","duration":0.04945799999998712,"failureMessages":[],"meta":{},"tags":[]}],"startTime":1777137449200,"endTime":1777137449208.1226,"status":"passed","message":"","name":"/Users/alrs/Documents/projects/FaceLocator/tests/admin/admin-contracts-extended.test.ts"},{"assertionResults":[{"ancestorTitles":["admin events schema guard"],"fullName":"admin events schema guard runs the admin events schema queries only once per process","status":"passed","title":"runs the admin events schema queries only once per process","duration":2.8173749999999984,"failureMessages":[],"meta":{},"tags":[]},{"ancestorTitles":["admin events schema guard"],"fullName":"admin events schema guard retries the schema guard after a failed attempt","status":"passed","title":"retries the schema guard after a failed attempt","duration":1.0995000000000061,"failureMessages":[],"meta":{},"tags":[]}],"startTime":1777137449316,"endTime":1777137449320.0996,"status":"passed","message":"","name":"/Users/alrs/Documents/projects/FaceLocator/tests/admin/admin-events-schema.test.ts"},{"assertionResults":[{"ancestorTitles":["admin middleware"],"fullName":"admin middleware allows token callback path without prior auth token hints","status":"passed","title":"allows token callback path without prior auth token hints","duration":3.5131250000000023,"failureMessages":[],"meta":{},"tags":[]},{"ancestorTitles":["admin middleware"],"fullName":"admin middleware still rejects protected admin api paths without auth token hints","status":"passed","title":"still rejects protected admin api paths without auth token hints","duration":2.2327919999999892,"failureMessages":[],"meta":{},"tags":[]}],"startTime":1777137449101,"endTime":1777137449107.233,"status":"passed","message":"","name":"/Users/alrs/Documents/projects/FaceLocator/tests/admin/admin-middleware.test.ts"},{"assertionResults":[{"ancestorTitles":["admin token callback"],"fullName":"admin token callback returns 400 when code is missing","status":"passed","title":"returns 400 when code is missing","duration":3.563749999999999,"failureMessages":[],"meta":{},"tags":[]},{"ancestorTitles":["admin token callback"],"fullName":"admin token callback returns bearer credentials when exchange succeeds","status":"passed","title":"returns bearer credentials when exchange succeeds","duration":3.4162500000000193,"failureMessages":[],"meta":{},"tags":[]},{"ancestorTitles":["admin token callback"],"fullName":"admin token callback returns a no-store html handoff page when a desktop handoff url is present","status":"passed","title":"returns a no-store html handoff page when a desktop handoff url is present","duration":0.4656669999999963,"failureMessages":[],"meta":{},"tags":[]},{"ancestorTitles":["admin token callback"],"fullName":"admin token callback returns 503 when Cognito OAuth configuration is incomplete","status":"passed","title":"returns 503 when Cognito OAuth configuration is incomplete","duration":0.340582999999981,"failureMessages":[],"meta":{},"tags":[]},{"ancestorTitles":["admin token callback"],"fullName":"admin token callback returns 401 when token exchange fails generically","status":"passed","title":"returns 401 when token exchange fails generically","duration":0.2587080000000128,"failureMessages":[],"meta":{},"tags":[]},{"ancestorTitles":["admin token callback"],"fullName":"admin token callback returns 401 when admin identity cannot be resolved from token","status":"passed","title":"returns 401 when admin identity cannot be resolved from token","duration":0.2407090000000096,"failureMessages":[],"meta":{},"tags":[]},{"ancestorTitles":["admin token callback"],"fullName":"admin token callback handles handoff without username","status":"passed","title":"handles handoff without username","duration":0.271458999999993,"failureMessages":[],"meta":{},"tags":[]},{"ancestorTitles":["admin token callback"],"fullName":"admin token callback uses default redirect path when state is missing","status":"passed","title":"uses default redirect path when state is missing","duration":0.27104099999999676,"failureMessages":[],"meta":{},"tags":[]}],"startTime":1777137448262,"endTime":1777137448271.2715,"status":"passed","message":"","name":"/Users/alrs/Documents/projects/FaceLocator/tests/admin/admin-token-callback.test.ts"},{"assertionResults":[{"ancestorTitles":["create event form"],"fullName":"create event form redirects to admin auth when api returns unauthorized","status":"passed","title":"redirects to admin auth when api returns unauthorized","duration":511.7615420000002,"failureMessages":[],"meta":{},"tags":[]},{"ancestorTitles":["create event form"],"fullName":"create event form navigates to event photos on successful create","status":"passed","title":"navigates to event photos on successful create","duration":413.7821670000003,"failureMessages":[],"meta":{},"tags":[]}],"startTime":1777137447998,"endTime":1777137448923.7822,"status":"passed","message":"","name":"/Users/alrs/Documents/projects/FaceLocator/tests/admin/create-event-form.test.tsx"},{"assertionResults":[{"ancestorTitles":["events route GET — additional branches"],"fullName":"events route GET — additional branches returns events list on success","status":"passed","title":"returns events list on success","duration":3.1396669999999745,"failureMessages":[],"meta":{},"tags":[]},{"ancestorTitles":["events route GET — additional branches"],"fullName":"events route GET — additional branches returns 503 when backend throws","status":"passed","title":"returns 503 when backend throws","duration":2.803416000000027,"failureMessages":[],"meta":{},"tags":[]},{"ancestorTitles":["events route GET — additional branches"],"fullName":"events route GET — additional branches returns backend error status for AdminReadBackendError","status":"passed","title":"returns backend error status for AdminReadBackendError","duration":0.40908300000000963,"failureMessages":[],"meta":{},"tags":[]},{"ancestorTitles":["events route POST — branches"],"fullName":"events route POST — branches returns 401 when unauthorized","status":"passed","title":"returns 401 when unauthorized","duration":0.37204200000002174,"failureMessages":[],"meta":{},"tags":[]},{"ancestorTitles":["events route POST — branches"],"fullName":"events route POST — branches returns 400 for invalid payload","status":"passed","title":"returns 400 for invalid payload","duration":0.8117090000000076,"failureMessages":[],"meta":{},"tags":[]},{"ancestorTitles":["events route POST — branches"],"fullName":"events route POST — branches returns 201 on success with JSON body","status":"passed","title":"returns 201 on success with JSON body","duration":3.7884160000000406,"failureMessages":[],"meta":{},"tags":[]},{"ancestorTitles":["events route POST — branches"],"fullName":"events route POST — branches returns 409 for duplicate slug (DB unique violation)","status":"passed","title":"returns 409 for duplicate slug (DB unique violation)","duration":0.8009170000000267,"failureMessages":[],"meta":{},"tags":[]},{"ancestorTitles":["events route POST — branches"],"fullName":"events route POST — branches returns 409 for duplicate slug (backend 409 error)","status":"passed","title":"returns 409 for duplicate slug (backend 409 error)","duration":0.5197090000000344,"failureMessages":[],"meta":{},"tags":[]},{"ancestorTitles":["events route POST — branches"],"fullName":"events route POST — branches returns 500 on generic backend error","status":"passed","title":"returns 500 on generic backend error","duration":0.9344159999999988,"failureMessages":[],"meta":{},"tags":[]},{"ancestorTitles":["events route POST — branches"],"fullName":"events route POST — branches returns 400 when logo upload fails","status":"passed","title":"returns 400 when logo upload fails","duration":1.5312079999999924,"failureMessages":[],"meta":{},"tags":[]},{"ancestorTitles":["events route POST — branches"],"fullName":"events route POST — branches cleans up logo on backend failure","status":"passed","title":"cleans up logo on backend failure","duration":1.3358749999999873,"failureMessages":[],"meta":{},"tags":[]},{"ancestorTitles":["presign route — additional branches"],"fullName":"presign route — additional branches returns 401 when not authorized","status":"passed","title":"returns 401 when not authorized","duration":0.5882080000000087,"failureMessages":[],"meta":{},"tags":[]},{"ancestorTitles":["presign route — additional branches"],"fullName":"presign route — additional branches returns 400 for invalid input","status":"passed","title":"returns 400 for invalid input","duration":0.6243329999999787,"failureMessages":[],"meta":{},"tags":[]},{"ancestorTitles":["presign route — additional branches"],"fullName":"presign route — additional branches returns 200 on success (direct mode)","status":"passed","title":"returns 200 on success (direct mode)","duration":0.4102500000000191,"failureMessages":[],"meta":{},"tags":[]},{"ancestorTitles":["presign route — additional branches"],"fullName":"presign route — additional branches returns 404 when event not found","status":"passed","title":"returns 404 when event not found","duration":0.21520800000001827,"failureMessages":[],"meta":{},"tags":[]},{"ancestorTitles":["presign route — additional branches"],"fullName":"presign route — additional branches returns 500 on error","status":"passed","title":"returns 500 on error","duration":0.3702920000000063,"failureMessages":[],"meta":{},"tags":[]}],"startTime":1777137448233,"endTime":1777137448252.3704,"status":"passed","message":"","name":"/Users/alrs/Documents/projects/FaceLocator/tests/admin/events-route-branches.test.ts"},{"assertionResults":[{"ancestorTitles":["form-utils","getFileExtension"],"fullName":"form-utils getFileExtension returns extension for normal files","status":"passed","title":"returns extension for normal files","duration":1.1083340000000135,"failureMessages":[],"meta":{},"tags":[]},{"ancestorTitles":["form-utils","getFileExtension"],"fullName":"form-utils getFileExtension returns empty string for no extension","status":"passed","title":"returns empty string for no extension","duration":0.09466699999998696,"failureMessages":[],"meta":{},"tags":[]},{"ancestorTitles":["form-utils","resolveEventLogoType"],"fullName":"form-utils resolveEventLogoType resolves by content type","status":"passed","title":"resolves by content type","duration":0.5408339999999896,"failureMessages":[],"meta":{},"tags":[]},{"ancestorTitles":["form-utils","resolveEventLogoType"],"fullName":"form-utils resolveEventLogoType resolves by extension if type is unknown","status":"passed","title":"resolves by extension if type is unknown","duration":0.1512090000000228,"failureMessages":[],"meta":{},"tags":[]},{"ancestorTitles":["form-utils","resolveEventLogoType"],"fullName":"form-utils resolveEventLogoType resolves by extension explicitly","status":"passed","title":"resolves by extension explicitly","duration":0.14041600000001608,"failureMessages":[],"meta":{},"tags":[]},{"ancestorTitles":["form-utils","resolveEventLogoType"],"fullName":"form-utils resolveEventLogoType returns null for unknown type/extension","status":"passed","title":"returns null for unknown type/extension","duration":0.09549999999998704,"failureMessages":[],"meta":{},"tags":[]},{"ancestorTitles":["form-utils","parseCreateEventRequest"],"fullName":"form-utils parseCreateEventRequest handles formData failure","status":"passed","title":"handles formData failure","duration":4.133666999999974,"failureMessages":[],"meta":{},"tags":[]},{"ancestorTitles":["form-utils","parseCreateEventRequest"],"fullName":"form-utils parseCreateEventRequest handles JSON failure in fallback","status":"passed","title":"handles JSON failure in fallback","duration":0.3511670000000038,"failureMessages":[],"meta":{},"tags":[]},{"ancestorTitles":["form-utils","parseCreateEventRequest"],"fullName":"form-utils parseCreateEventRequest parses JSON payload","status":"passed","title":"parses JSON payload","duration":0.24495899999999438,"failureMessages":[],"meta":{},"tags":[]},{"ancestorTitles":["form-utils","parseCreateEventRequest"],"fullName":"form-utils parseCreateEventRequest parses FormData with logo","status":"passed","title":"parses FormData with logo","duration":5.3089999999999975,"failureMessages":[],"meta":{},"tags":[]},{"ancestorTitles":["form-utils","parseCreateEventRequest"],"fullName":"form-utils parseCreateEventRequest falls back to JSON if multipart but no event fields","status":"passed","title":"falls back to JSON if multipart but no event fields","duration":0.4184590000000128,"failureMessages":[],"meta":{},"tags":[]}],"startTime":1777137448561,"endTime":1777137448574.4185,"status":"passed","message":"","name":"/Users/alrs/Documents/projects/FaceLocator/tests/admin/form-utils.test.ts"},{"assertionResults":[{"ancestorTitles":["admin matched faces summary"],"fullName":"admin matched faces summary does not filter matched faces down to the latest face enrollment only","status":"passed","title":"does not filter matched faces down to the latest face enrollment only","duration":1.8661249999999967,"failureMessages":[],"meta":{},"tags":[]}],"startTime":1777137449476,"endTime":1777137449477.8662,"status":"passed","message":"","name":"/Users/alrs/Documents/projects/FaceLocator/tests/admin/matched-faces-summary.test.ts"},{"assertionResults":[{"ancestorTitles":["middleware — extended branches"],"fullName":"middleware — extended branches passes through non-admin paths without auth check","status":"passed","title":"passes through non-admin paths without auth check","duration":2.1543340000000057,"failureMessages":[],"meta":{},"tags":[]},{"ancestorTitles":["middleware — extended branches"],"fullName":"middleware — extended branches returns 503 for admin API when Cognito is not configured","status":"passed","title":"returns 503 for admin API when Cognito is not configured","duration":0.8794169999999895,"failureMessages":[],"meta":{},"tags":[]},{"ancestorTitles":["middleware — extended branches"],"fullName":"middleware — extended branches returns 503 for admin page when Cognito is not configured","status":"passed","title":"returns 503 for admin page when Cognito is not configured","duration":0.2010840000000087,"failureMessages":[],"meta":{},"tags":[]},{"ancestorTitles":["middleware — extended branches"],"fullName":"middleware — extended branches passes through login path without auth check","status":"passed","title":"passes through login path without auth check","duration":0.11045799999999417,"failureMessages":[],"meta":{},"tags":[]},{"ancestorTitles":["middleware — extended branches"],"fullName":"middleware — extended branches passes through callback path without auth check","status":"passed","title":"passes through callback path without auth check","duration":0.1220000000000141,"failureMessages":[],"meta":{},"tags":[]},{"ancestorTitles":["middleware — extended branches"],"fullName":"middleware — extended branches passes through logout path without auth check","status":"passed","title":"passes through logout path without auth check","duration":0.10658300000000054,"failureMessages":[],"meta":{},"tags":[]},{"ancestorTitles":["middleware — extended branches"],"fullName":"middleware — extended branches allows admin page access when Bearer token is present","status":"passed","title":"allows admin page access when Bearer token is present","duration":0.14912499999999795,"failureMessages":[],"meta":{},"tags":[]},{"ancestorTitles":["middleware — extended branches"],"fullName":"middleware — extended branches allows admin API access when idToken cookie is set","status":"passed","title":"allows admin API access when idToken cookie is set","duration":0.11095799999998235,"failureMessages":[],"meta":{},"tags":[]},{"ancestorTitles":["middleware — extended branches"],"fullName":"middleware — extended branches allows admin API access when accessToken cookie is set","status":"passed","title":"allows admin API access when accessToken cookie is set","duration":0.1299579999999878,"failureMessages":[],"meta":{},"tags":[]},{"ancestorTitles":["middleware — extended branches"],"fullName":"middleware — extended branches redirects admin page to login when no auth token hint","status":"passed","title":"redirects admin page to login when no auth token hint","duration":0.3085829999999987,"failureMessages":[],"meta":{},"tags":[]},{"ancestorTitles":["middleware — extended branches"],"fullName":"middleware — extended branches returns 401 for admin API path without auth token hint","status":"passed","title":"returns 401 for admin API path without auth token hint","duration":1.4542079999999942,"failureMessages":[],"meta":{},"tags":[]},{"ancestorTitles":["middleware — extended branches"],"fullName":"middleware — extended branches handles /admin root path","status":"passed","title":"handles /admin root path","duration":0.17362500000001546,"failureMessages":[],"meta":{},"tags":[]}],"startTime":1777137449149,"endTime":1777137449155.454,"status":"passed","message":"","name":"/Users/alrs/Documents/projects/FaceLocator/tests/admin/middleware-extended.test.ts"},{"assertionResults":[{"ancestorTitles":["photos manager"],"fullName":"photos manager renders event-level matched faces summary below action buttons","status":"passed","title":"renders event-level matched faces summary below action buttons","duration":111.261708,"failureMessages":[],"meta":{},"tags":[]},{"ancestorTitles":["photos manager"],"fullName":"photos manager redirects to admin auth when single delete is unauthorized","status":"passed","title":"redirects to admin auth when single delete is unauthorized","duration":59.06320800000003,"failureMessages":[],"meta":{},"tags":[]},{"ancestorTitles":["photos manager"],"fullName":"photos manager sends an individual email link for a matched attendee","status":"passed","title":"sends an individual email link for a matched attendee","duration":44.442083999999795,"failureMessages":[],"meta":{},"tags":[]},{"ancestorTitles":["photos manager"],"fullName":"photos manager redirects to admin auth when manual email send is unauthorized","status":"passed","title":"redirects to admin auth when manual email send is unauthorized","duration":53.51208399999996,"failureMessages":[],"meta":{},"tags":[]},{"ancestorTitles":["photos manager"],"fullName":"photos manager redirects to admin auth when batch delete is unauthorized","status":"passed","title":"redirects to admin auth when batch delete is unauthorized","duration":59.972375000000056,"failureMessages":[],"meta":{},"tags":[]},{"ancestorTitles":["photos manager"],"fullName":"photos manager reprocesses all uploaded photos and shows summary counts","status":"passed","title":"reprocesses all uploaded photos and shows summary counts","duration":38.52941699999997,"failureMessages":[],"meta":{},"tags":[]},{"ancestorTitles":["photos manager"],"fullName":"photos manager redirects to admin auth when reprocess is unauthorized","status":"passed","title":"redirects to admin auth when reprocess is unauthorized","duration":35.971457999999984,"failureMessages":[],"meta":{},"tags":[]},{"ancestorTitles":["photos manager"],"fullName":"photos manager shows failure status and summary counts when reprocess request fails","status":"passed","title":"shows failure status and summary counts when reprocess request fails","duration":45.85533299999997,"failureMessages":[],"meta":{},"tags":[]}],"startTime":1777137448029,"endTime":1777137448477.8552,"status":"passed","message":"","name":"/Users/alrs/Documents/projects/FaceLocator/tests/admin/photos-manager.test.tsx"},{"assertionResults":[{"ancestorTitles":["listAdminEventPhotos"],"fullName":"listAdminEventPhotos returns empty page when event not found","status":"passed","title":"returns empty page when event not found","duration":13.38191599999999,"failureMessages":[],"meta":{},"tags":[]},{"ancestorTitles":["listAdminEventPhotos"],"fullName":"listAdminEventPhotos returns photos with preview URLs when event exists","status":"passed","title":"returns photos with preview URLs when event exists","duration":1.177500000000009,"failureMessages":[],"meta":{},"tags":[]},{"ancestorTitles":["listAdminEventPhotos"],"fullName":"listAdminEventPhotos maps face match rows correctly","status":"passed","title":"maps face match rows correctly","duration":0.6114589999999964,"failureMessages":[],"meta":{},"tags":[]},{"ancestorTitles":["deleteAdminEventPhoto"],"fullName":"deleteAdminEventPhoto returns not_found when photo does not exist","status":"passed","title":"returns not_found when photo does not exist","duration":1.1158329999999808,"failureMessages":[],"meta":{},"tags":[]},{"ancestorTitles":["deleteAdminEventPhoto"],"fullName":"deleteAdminEventPhoto deletes photo and returns deleted status","status":"passed","title":"deletes photo and returns deleted status","duration":0.5164589999999976,"failureMessages":[],"meta":{},"tags":[]},{"ancestorTitles":["deleteAdminEventPhoto"],"fullName":"deleteAdminEventPhoto returns failed when S3 delete throws","status":"passed","title":"returns failed when S3 delete throws","duration":0.2813329999999894,"failureMessages":[],"meta":{},"tags":[]},{"ancestorTitles":["deleteAdminEventPhoto"],"fullName":"deleteAdminEventPhoto rolls back and returns failed when query throws","status":"passed","title":"rolls back and returns failed when query throws","duration":0.4418330000000026,"failureMessages":[],"meta":{},"tags":[]},{"ancestorTitles":["listAdminEventSelfies"],"fullName":"listAdminEventSelfies returns empty when event not found","status":"passed","title":"returns empty when event not found","duration":2.0514169999999865,"failureMessages":[],"meta":{},"tags":[]},{"ancestorTitles":["listAdminEventSelfies"],"fullName":"listAdminEventSelfies returns selfies with mapped preview URLs","status":"passed","title":"returns selfies with mapped preview URLs","duration":9.609999999999985,"failureMessages":[],"meta":{},"tags":[]},{"ancestorTitles":["listAdminEventSelfies"],"fullName":"listAdminEventSelfies handles null selfieObjectKey without generating preview URL","status":"passed","title":"handles null selfieObjectKey without generating preview URL","duration":0.5822080000000085,"failureMessages":[],"meta":{},"tags":[]},{"ancestorTitles":["deleteAdminEventAttendee"],"fullName":"deleteAdminEventAttendee returns not_found when registration does not exist","status":"passed","title":"returns not_found when registration does not exist","duration":0.8414999999999964,"failureMessages":[],"meta":{},"tags":[]},{"ancestorTitles":["deleteAdminEventAttendee"],"fullName":"deleteAdminEventAttendee deletes attendee, S3 selfie, and returns deleted status","status":"passed","title":"deletes attendee, S3 selfie, and returns deleted status","duration":0.2500830000000178,"failureMessages":[],"meta":{},"tags":[]},{"ancestorTitles":["deleteAdminEventAttendee"],"fullName":"deleteAdminEventAttendee returns failed when S3 delete throws","status":"passed","title":"returns failed when S3 delete throws","duration":0.2627080000000035,"failureMessages":[],"meta":{},"tags":[]},{"ancestorTitles":["deleteAdminEventAttendee"],"fullName":"deleteAdminEventAttendee skips S3 delete when objectKey is null","status":"passed","title":"skips S3 delete when objectKey is null","duration":0.18133299999999508,"failureMessages":[],"meta":{},"tags":[]},{"ancestorTitles":["deleteAdminEventAttendee"],"fullName":"deleteAdminEventAttendee rolls back and returns failed on general error","status":"passed","title":"rolls back and returns failed on general error","duration":0.17495800000000372,"failureMessages":[],"meta":{},"tags":[]},{"ancestorTitles":["deleteAdminEventPhotosBatch"],"fullName":"deleteAdminEventPhotosBatch returns idempotent replay when same key is reused with different payload","status":"passed","title":"returns idempotent replay when same key is reused with different payload","duration":2.7203330000000108,"failureMessages":[],"meta":{},"tags":[]},{"ancestorTitles":["deleteAdminEventPhotosBatch"],"fullName":"deleteAdminEventPhotosBatch executes batch delete when no replay exists","status":"passed","title":"executes batch delete when no replay exists","duration":1.0062090000000126,"failureMessages":[],"meta":{},"tags":[]},{"ancestorTitles":["getEventPhotosBucketName"],"fullName":"getEventPhotosBucketName throws when FACE_LOCATOR_EVENT_PHOTOS_BUCKET is not set","status":"passed","title":"throws when FACE_LOCATOR_EVENT_PHOTOS_BUCKET is not set","duration":0.7022090000000105,"failureMessages":[],"meta":{},"tags":[]},{"ancestorTitles":["buildPreviewUrl"],"fullName":"buildPreviewUrl returns null when getSignedUrl throws","status":"passed","title":"returns null when getSignedUrl throws","duration":0.5339159999999765,"failureMessages":[],"meta":{},"tags":[]}],"startTime":1777137447798,"endTime":1777137447834.534,"status":"passed","message":"","name":"/Users/alrs/Documents/projects/FaceLocator/tests/admin/repository-extended.test.ts"},{"assertionResults":[{"ancestorTitles":["listAdminEvents"],"fullName":"listAdminEvents returns mapped event rows","status":"passed","title":"returns mapped event rows","duration":33.13737500000002,"failureMessages":[],"meta":{},"tags":[]},{"ancestorTitles":["listAdminEvents"],"fullName":"listAdminEvents returns empty list when no events exist","status":"passed","title":"returns empty list when no events exist","duration":0.3586249999999893,"failureMessages":[],"meta":{},"tags":[]},{"ancestorTitles":["listAdminEvents"],"fullName":"listAdminEvents defaults null venue and description to empty string","status":"passed","title":"defaults null venue and description to empty string","duration":0.1775829999999985,"failureMessages":[],"meta":{},"tags":[]},{"ancestorTitles":["listAdminEvents"],"fullName":"listAdminEvents uses endsAt fallback to startsAt when endsAt is null","status":"passed","title":"uses endsAt fallback to startsAt when endsAt is null","duration":0.12595799999999713,"failureMessages":[],"meta":{},"tags":[]},{"ancestorTitles":["createAdminEvent"],"fullName":"createAdminEvent inserts event and returns summary","status":"passed","title":"inserts event and returns summary","duration":0.24766700000000696,"failureMessages":[],"meta":{},"tags":[]},{"ancestorTitles":["createAdminEvent"],"fullName":"createAdminEvent normalizes slug to lowercase and trimmed","status":"passed","title":"normalizes slug to lowercase and trimmed","duration":0.1209169999999915,"failureMessages":[],"meta":{},"tags":[]},{"ancestorTitles":["getAdminEventHeader"],"fullName":"getAdminEventHeader returns null when event not found","status":"passed","title":"returns null when event not found","duration":0.1690420000000188,"failureMessages":[],"meta":{},"tags":[]},{"ancestorTitles":["getAdminEventHeader"],"fullName":"getAdminEventHeader returns event header when found","status":"passed","title":"returns event header when found","duration":0.1180829999999844,"failureMessages":[],"meta":{},"tags":[]},{"ancestorTitles":["createAdminEventPhotoUpload"],"fullName":"createAdminEventPhotoUpload returns null when event not found","status":"passed","title":"returns null when event not found","duration":0.27583300000000577,"failureMessages":[],"meta":{},"tags":[]},{"ancestorTitles":["createAdminEventPhotoUpload"],"fullName":"createAdminEventPhotoUpload returns upload contract for existing event","status":"passed","title":"returns upload contract for existing event","duration":1.9228750000000048,"failureMessages":[],"meta":{},"tags":[]},{"ancestorTitles":["listAdminEventPhotos"],"fullName":"listAdminEventPhotos returns empty result if event not found","status":"passed","title":"returns empty result if event not found","duration":0.9156250000000057,"failureMessages":[],"meta":{},"tags":[]},{"ancestorTitles":["listAdminEventPhotos"],"fullName":"listAdminEventPhotos returns photos and matches on success","status":"passed","title":"returns photos and matches on success","duration":0.7548329999999908,"failureMessages":[],"meta":{},"tags":[]},{"ancestorTitles":["listAdminEventSelfies"],"fullName":"listAdminEventSelfies returns empty result if event not found","status":"passed","title":"returns empty result if event not found","duration":3.328125,"failureMessages":[],"meta":{},"tags":[]},{"ancestorTitles":["listAdminEventSelfies"],"fullName":"listAdminEventSelfies returns selfies on success","status":"passed","title":"returns selfies on success","duration":0.6448339999999746,"failureMessages":[],"meta":{},"tags":[]}],"startTime":1777137447465,"endTime":1777137447507.6448,"status":"passed","message":"","name":"/Users/alrs/Documents/projects/FaceLocator/tests/admin/repository.test.ts"},{"assertionResults":[{"ancestorTitles":["extractRequestId"],"fullName":"extractRequestId returns x-amz-cf-id when present","status":"passed","title":"returns x-amz-cf-id when present","duration":1.4302080000000217,"failureMessages":[],"meta":{},"tags":[]},{"ancestorTitles":["extractRequestId"],"fullName":"extractRequestId returns x-amzn-requestid when cf-id is absent","status":"passed","title":"returns x-amzn-requestid when cf-id is absent","duration":0.17387499999998113,"failureMessages":[],"meta":{},"tags":[]},{"ancestorTitles":["extractRequestId"],"fullName":"extractRequestId returns x-correlation-id as fallback","status":"passed","title":"returns x-correlation-id as fallback","duration":0.09225000000000705,"failureMessages":[],"meta":{},"tags":[]},{"ancestorTitles":["extractRequestId"],"fullName":"extractRequestId returns null when no request ID headers exist","status":"passed","title":"returns null when no request ID headers exist","duration":0.07787500000000591,"failureMessages":[],"meta":{},"tags":[]},{"ancestorTitles":["buildAdminErrorResponse"],"fullName":"buildAdminErrorResponse returns 503 with generic message for unknown errors","status":"passed","title":"returns 503 with generic message for unknown errors","duration":3.566334000000012,"failureMessages":[],"meta":{},"tags":[]},{"ancestorTitles":["buildAdminErrorResponse"],"fullName":"buildAdminErrorResponse returns database error status when error is database-like","status":"passed","title":"returns database error status when error is database-like","duration":0.46075000000001864,"failureMessages":[],"meta":{},"tags":[]},{"ancestorTitles":["buildAdminErrorResponse"],"fullName":"buildAdminErrorResponse returns backend error status for AdminReadBackendError","status":"passed","title":"returns backend error status for AdminReadBackendError","duration":0.6129999999999995,"failureMessages":[],"meta":{},"tags":[]},{"ancestorTitles":["buildAdminErrorResponse"],"fullName":"buildAdminErrorResponse handles non-Error objects","status":"passed","title":"handles non-Error objects","duration":0.19374999999999432,"failureMessages":[],"meta":{},"tags":[]},{"ancestorTitles":["buildAdminErrorResponse"],"fullName":"buildAdminErrorResponse includes requestId in response body","status":"passed","title":"includes requestId in response body","duration":1.0291249999999934,"failureMessages":[],"meta":{},"tags":[]},{"ancestorTitles":["buildAdminErrorResponse"],"fullName":"buildAdminErrorResponse passes extra context through to logging","status":"passed","title":"passes extra context through to logging","duration":0.6860829999999964,"failureMessages":[],"meta":{},"tags":[]}],"startTime":1777137448791,"endTime":1777137448799.686,"status":"passed","message":"","name":"/Users/alrs/Documents/projects/FaceLocator/tests/admin/route-utils.test.ts"},{"assertionResults":[{"ancestorTitles":["admin photos route — branches"],"fullName":"admin photos route — branches returns 401 when not authorized","status":"passed","title":"returns 401 when not authorized","duration":7.062292000000014,"failureMessages":[],"meta":{},"tags":[]},{"ancestorTitles":["admin photos route — branches"],"fullName":"admin photos route — branches returns 400 for invalid pagination","status":"passed","title":"returns 400 for invalid pagination","duration":3.680291000000011,"failureMessages":[],"meta":{},"tags":[]},{"ancestorTitles":["admin photos route — branches"],"fullName":"admin photos route — branches returns 404 when event not found","status":"passed","title":"returns 404 when event not found","duration":0.266708000000051,"failureMessages":[],"meta":{},"tags":[]},{"ancestorTitles":["admin photos route — branches"],"fullName":"admin photos route — branches returns 200 on success","status":"passed","title":"returns 200 on success","duration":0.18637499999999818,"failureMessages":[],"meta":{},"tags":[]},{"ancestorTitles":["admin photos route — branches"],"fullName":"admin photos route — branches returns 503 on error","status":"passed","title":"returns 503 on error","duration":0.37066700000002584,"failureMessages":[],"meta":{},"tags":[]},{"ancestorTitles":["admin single photo delete — branches"],"fullName":"admin single photo delete — branches returns 401 when not authorized","status":"passed","title":"returns 401 when not authorized","duration":0.18566699999996672,"failureMessages":[],"meta":{},"tags":[]},{"ancestorTitles":["admin single photo delete — branches"],"fullName":"admin single photo delete — branches returns 200 on deleted","status":"passed","title":"returns 200 on deleted","duration":0.13366600000000517,"failureMessages":[],"meta":{},"tags":[]},{"ancestorTitles":["admin single photo delete — branches"],"fullName":"admin single photo delete — branches returns 500 on failed status","status":"passed","title":"returns 500 on failed status","duration":0.11970800000000281,"failureMessages":[],"meta":{},"tags":[]},{"ancestorTitles":["admin single photo delete — branches"],"fullName":"admin single photo delete — branches returns 500 on error","status":"passed","title":"returns 500 on error","duration":0.29545799999999645,"failureMessages":[],"meta":{},"tags":[]},{"ancestorTitles":["admin reprocess photos — branches"],"fullName":"admin reprocess photos — branches returns 401 when not authorized","status":"passed","title":"returns 401 when not authorized","duration":0.18500000000000227,"failureMessages":[],"meta":{},"tags":[]},{"ancestorTitles":["admin reprocess photos — branches"],"fullName":"admin reprocess photos — branches returns 200 on success","status":"passed","title":"returns 200 on success","duration":0.12187500000004547,"failureMessages":[],"meta":{},"tags":[]},{"ancestorTitles":["admin reprocess photos — branches"],"fullName":"admin reprocess photos — branches returns 404 when event not found","status":"passed","title":"returns 404 when event not found","duration":0.1127920000000131,"failureMessages":[],"meta":{},"tags":[]},{"ancestorTitles":["admin reprocess photos — branches"],"fullName":"admin reprocess photos — branches returns 500 on error","status":"passed","title":"returns 500 on error","duration":0.24925000000001774,"failureMessages":[],"meta":{},"tags":[]},{"ancestorTitles":["admin notify photo match — branches"],"fullName":"admin notify photo match — branches returns 401 when not authorized","status":"passed","title":"returns 401 when not authorized","duration":0.34404200000000174,"failureMessages":[],"meta":{},"tags":[]},{"ancestorTitles":["admin notify photo match — branches"],"fullName":"admin notify photo match — branches returns 400 when attendeeId missing","status":"passed","title":"returns 400 when attendeeId missing","duration":0.7894590000000221,"failureMessages":[],"meta":{},"tags":[]},{"ancestorTitles":["admin notify photo match — branches"],"fullName":"admin notify photo match — branches returns 200 on successful notification","status":"passed","title":"returns 200 on successful notification","duration":1.2098340000000007,"failureMessages":[],"meta":{},"tags":[]},{"ancestorTitles":["admin notify photo match — branches"],"fullName":"admin notify photo match — branches returns 404 when no candidate found","status":"passed","title":"returns 404 when no candidate found","duration":0.8692909999999756,"failureMessages":[],"meta":{},"tags":[]},{"ancestorTitles":["admin notify photo match — branches"],"fullName":"admin notify photo match — branches returns 500 when all notifications fail","status":"passed","title":"returns 500 when all notifications fail","duration":0.1991249999999809,"failureMessages":[],"meta":{},"tags":[]},{"ancestorTitles":["admin notify photo match — branches"],"fullName":"admin notify photo match — branches returns 409 when notification could not be sent","status":"passed","title":"returns 409 when notification could not be sent","duration":0.243583000000001,"failureMessages":[],"meta":{},"tags":[]},{"ancestorTitles":["admin notify photo match — branches"],"fullName":"admin notify photo match — branches returns 500 on backend error","status":"passed","title":"returns 500 on backend error","duration":2.4677500000000236,"failureMessages":[],"meta":{},"tags":[]},{"ancestorTitles":["admin selfies route — branches"],"fullName":"admin selfies route — branches returns 401 when not authorized","status":"passed","title":"returns 401 when not authorized","duration":0.2630410000000438,"failureMessages":[],"meta":{},"tags":[]},{"ancestorTitles":["admin selfies route — branches"],"fullName":"admin selfies route — branches returns 200 on success","status":"passed","title":"returns 200 on success","duration":0.1725420000000213,"failureMessages":[],"meta":{},"tags":[]},{"ancestorTitles":["admin selfies route — branches"],"fullName":"admin selfies route — branches returns 503 on error","status":"passed","title":"returns 503 on error","duration":0.32816700000000765,"failureMessages":[],"meta":{},"tags":[]},{"ancestorTitles":["admin attendee delete route — branches"],"fullName":"admin attendee delete route — branches returns 401 when not authorized","status":"passed","title":"returns 401 when not authorized","duration":0.17675000000002683,"failureMessages":[],"meta":{},"tags":[]},{"ancestorTitles":["admin attendee delete route — branches"],"fullName":"admin attendee delete route — branches returns 200 on deleted","status":"passed","title":"returns 200 on deleted","duration":0.11308299999996052,"failureMessages":[],"meta":{},"tags":[]},{"ancestorTitles":["admin attendee delete route — branches"],"fullName":"admin attendee delete route — branches returns 500 on failed status","status":"passed","title":"returns 500 on failed status","duration":0.09770800000001145,"failureMessages":[],"meta":{},"tags":[]},{"ancestorTitles":["admin attendee delete route — branches"],"fullName":"admin attendee delete route — branches returns 500 on error","status":"passed","title":"returns 500 on error","duration":0.24329099999999926,"failureMessages":[],"meta":{},"tags":[]}],"startTime":1777137448280,"endTime":1777137448301.2434,"status":"passed","message":"","name":"/Users/alrs/Documents/projects/FaceLocator/tests/admin/routes-extended.test.ts"},{"assertionResults":[{"ancestorTitles":["Selfies & Attendees Integration"],"fullName":"Selfies & Attendees Integration lists selfies from the database when authorized","status":"passed","title":"lists selfies from the database when authorized","duration":190.14237500000002,"failureMessages":[],"meta":{},"tags":[]},{"ancestorTitles":["Selfies & Attendees Integration"],"fullName":"Selfies & Attendees Integration handles attendee deletion (dry-run/error path) in integration","status":"passed","title":"handles attendee deletion (dry-run/error path) in integration","duration":134.782917,"failureMessages":[],"meta":{},"tags":[]},{"ancestorTitles":["Selfies & Attendees Integration"],"fullName":"Selfies & Attendees Integration returns 401 when identity resolution fails","status":"passed","title":"returns 401 when identity resolution fails","duration":3.2728329999999914,"failureMessages":[],"meta":{},"tags":[]}],"startTime":1777137447036,"endTime":1777137447364.273,"status":"passed","message":"","name":"/Users/alrs/Documents/projects/FaceLocator/tests/admin/selfies-integration.test.ts"},{"assertionResults":[{"ancestorTitles":["GET /api/admin/events/[eventSlug]/selfies"],"fullName":"GET /api/admin/events/[eventSlug]/selfies returns 401 when unauthorized","status":"passed","title":"returns 401 when unauthorized","duration":5.853165999999987,"failureMessages":[],"meta":{},"tags":[]},{"ancestorTitles":["GET /api/admin/events/[eventSlug]/selfies"],"fullName":"GET /api/admin/events/[eventSlug]/selfies returns selfies page when authorized","status":"passed","title":"returns selfies page when authorized","duration":0.7600840000000062,"failureMessages":[],"meta":{},"tags":[]},{"ancestorTitles":["DELETE /api/admin/events/[eventSlug]/selfies/[registrationId]"],"fullName":"DELETE /api/admin/events/[eventSlug]/selfies/[registrationId] returns 401 when identity is missing","status":"passed","title":"returns 401 when identity is missing","duration":0.347582999999986,"failureMessages":[],"meta":{},"tags":[]},{"ancestorTitles":["DELETE /api/admin/events/[eventSlug]/selfies/[registrationId]"],"fullName":"DELETE /api/admin/events/[eventSlug]/selfies/[registrationId] returns 200 on successful delete","status":"passed","title":"returns 200 on successful delete","duration":0.7387500000000102,"failureMessages":[],"meta":{},"tags":[]},{"ancestorTitles":["DELETE /api/admin/events/[eventSlug]/selfies/[registrationId]"],"fullName":"DELETE /api/admin/events/[eventSlug]/selfies/[registrationId] returns 200 with not_found status","status":"passed","title":"returns 200 with not_found status","duration":0.24216599999999744,"failureMessages":[],"meta":{},"tags":[]},{"ancestorTitles":["DELETE /api/admin/events/[eventSlug]/selfies/[registrationId]"],"fullName":"DELETE /api/admin/events/[eventSlug]/selfies/[registrationId] returns 500 when status is failed","status":"passed","title":"returns 500 when status is failed","duration":0.3175420000000031,"failureMessages":[],"meta":{},"tags":[]}],"startTime":1777137448911,"endTime":1777137448919.3176,"status":"passed","message":"","name":"/Users/alrs/Documents/projects/FaceLocator/tests/admin/selfies-route.test.ts"},{"assertionResults":[{"ancestorTitles":["attendees backend — mode resolution"],"fullName":"attendees backend — mode resolution returns direct mode by default","status":"passed","title":"returns direct mode by default","duration":8.913083,"failureMessages":[],"meta":{},"tags":[]},{"ancestorTitles":["attendees backend — mode resolution"],"fullName":"attendees backend — mode resolution returns direct when ATTENDEE_REGISTRATION_BACKEND=direct","status":"passed","title":"returns direct when ATTENDEE_REGISTRATION_BACKEND=direct","duration":0.3492919999999913,"failureMessages":[],"meta":{},"tags":[]},{"ancestorTitles":["attendees backend — mode resolution"],"fullName":"attendees backend — mode resolution returns lambda when ATTENDEE_REGISTRATION_BACKEND=lambda","status":"passed","title":"returns lambda when ATTENDEE_REGISTRATION_BACKEND=lambda","duration":0.16854100000000471,"failureMessages":[],"meta":{},"tags":[]},{"ancestorTitles":["attendees backend — mode resolution"],"fullName":"attendees backend — mode resolution returns lambda when FACE_LOCATOR_REPOSITORY_TYPE=postgres","status":"passed","title":"returns lambda when FACE_LOCATOR_REPOSITORY_TYPE=postgres","duration":0.10379100000000108,"failureMessages":[],"meta":{},"tags":[]},{"ancestorTitles":["attendees backend — mode resolution"],"fullName":"attendees backend — mode resolution falls back to default lambda name","status":"passed","title":"falls back to default lambda name","duration":0.10599999999999454,"failureMessages":[],"meta":{},"tags":[]},{"ancestorTitles":["attendees backend — mode resolution"],"fullName":"attendees backend — mode resolution reads FACE_LOCATOR_ATTENDEE_REGISTRATION_LAMBDA_NAME","status":"passed","title":"reads FACE_LOCATOR_ATTENDEE_REGISTRATION_LAMBDA_NAME","duration":0.07920799999999417,"failureMessages":[],"meta":{},"tags":[]},{"ancestorTitles":["attendees backend — mode resolution"],"fullName":"attendees backend — mode resolution reads ATTENDEE_REGISTRATION_LAMBDA_NAME as fallback","status":"passed","title":"reads ATTENDEE_REGISTRATION_LAMBDA_NAME as fallback","duration":0.07458300000001827,"failureMessages":[],"meta":{},"tags":[]},{"ancestorTitles":["attendees backend — lambda invocation"],"fullName":"attendees backend — lambda invocation returns event data from lambda","status":"passed","title":"returns event data from lambda","duration":1.0722079999999892,"failureMessages":[],"meta":{},"tags":[]},{"ancestorTitles":["attendees backend — lambda invocation"],"fullName":"attendees backend — lambda invocation throws ApiError on empty lambda payload","status":"passed","title":"throws ApiError on empty lambda payload","duration":2.1174589999999966,"failureMessages":[],"meta":{},"tags":[]},{"ancestorTitles":["attendees backend — lambda invocation"],"fullName":"attendees backend — lambda invocation throws ApiError when lambda returns statusCode error shape","status":"passed","title":"throws ApiError when lambda returns statusCode error shape","duration":0.4960000000000093,"failureMessages":[],"meta":{},"tags":[]},{"ancestorTitles":["attendees backend — lambda invocation"],"fullName":"attendees backend — lambda invocation throws ApiError wrapping REGISTRATION_NOT_FOUND code","status":"passed","title":"throws ApiError wrapping REGISTRATION_NOT_FOUND code","duration":0.2276250000000175,"failureMessages":[],"meta":{},"tags":[]},{"ancestorTitles":["attendees backend — lambda invocation"],"fullName":"attendees backend — lambda invocation returns registration intent on createRegistrationIntentViaBackend","status":"passed","title":"returns registration intent on createRegistrationIntentViaBackend","duration":0.18687499999998636,"failureMessages":[],"meta":{},"tags":[]},{"ancestorTitles":["attendees backend — lambda invocation"],"fullName":"attendees backend — lambda invocation returns status on getRegistrationStatusViaBackend","status":"passed","title":"returns status on getRegistrationStatusViaBackend","duration":0.12462500000000887,"failureMessages":[],"meta":{},"tags":[]}],"startTime":1777137447796,"endTime":1777137447810.2275,"status":"passed","message":"","name":"/Users/alrs/Documents/projects/FaceLocator/tests/attendees/backend.test.ts"},{"assertionResults":[{"ancestorTitles":["attendee client"],"fullName":"attendee client posts registration payloads to the same-origin route","status":"passed","title":"posts registration payloads to the same-origin route","duration":21.170208000000002,"failureMessages":[],"meta":{},"tags":[]},{"ancestorTitles":["attendee client"],"fullName":"attendee client surfaces JSON error payloads from route failures","status":"passed","title":"surfaces JSON error payloads from route failures","duration":0.891208999999975,"failureMessages":[],"meta":{},"tags":[]},{"ancestorTitles":["attendee client"],"fullName":"attendee client supports mock uploads without a network call","status":"passed","title":"supports mock uploads without a network call","duration":601.849583,"failureMessages":[],"meta":{},"tags":[]},{"ancestorTitles":["attendee client"],"fullName":"attendee client throws a stable error payload when a direct upload fails","status":"passed","title":"throws a stable error payload when a direct upload fails","duration":0.4523339999999507,"failureMessages":[],"meta":{},"tags":[]},{"ancestorTitles":["attendee client"],"fullName":"attendee client uses the same-origin completion and status routes","status":"passed","title":"uses the same-origin completion and status routes","duration":0.6291249999999309,"failureMessages":[],"meta":{},"tags":[]}],"startTime":1777137446584,"endTime":1777137447209.6292,"status":"passed","message":"","name":"/Users/alrs/Documents/projects/FaceLocator/tests/attendees/client.test.ts"},{"assertionResults":[{"ancestorTitles":["attendee errors"],"fullName":"attendee errors creates typed API errors","status":"passed","title":"creates typed API errors","duration":1.5568750000000193,"failureMessages":[],"meta":{},"tags":[]},{"ancestorTitles":["attendee errors"],"fullName":"attendee errors maps typed errors into stable API responses","status":"passed","title":"maps typed errors into stable API responses","duration":0.1973339999999837,"failureMessages":[],"meta":{},"tags":[]},{"ancestorTitles":["attendee errors"],"fullName":"attendee errors falls back to a safe internal error response for unknown errors","status":"passed","title":"falls back to a safe internal error response for unknown errors","duration":16.477374999999995,"failureMessages":[],"meta":{},"tags":[]}],"startTime":1777137448674,"endTime":1777137448692.4773,"status":"passed","message":"","name":"/Users/alrs/Documents/projects/FaceLocator/tests/attendees/errors.test.ts"},{"assertionResults":[{"ancestorTitles":["getRequestCorrelationId"],"fullName":"getRequestCorrelationId returns header value when present","status":"passed","title":"returns header value when present","duration":1.8854169999999897,"failureMessages":[],"meta":{},"tags":[]},{"ancestorTitles":["getRequestCorrelationId"],"fullName":"getRequestCorrelationId returns generated UUID when header is absent","status":"passed","title":"returns generated UUID when header is absent","duration":0.4973329999999976,"failureMessages":[],"meta":{},"tags":[]},{"ancestorTitles":["logRouteInfo"],"fullName":"logRouteInfo logs info message with context","status":"passed","title":"logs info message with context","duration":0.42941600000000335,"failureMessages":[],"meta":{},"tags":[]},{"ancestorTitles":["logRouteError"],"fullName":"logRouteError logs AttendeeApiError with its code","status":"passed","title":"logs AttendeeApiError with its code","duration":0.17666600000001154,"failureMessages":[],"meta":{},"tags":[]},{"ancestorTitles":["logRouteError"],"fullName":"logRouteError logs generic Error with INTERNAL_ERROR code","status":"passed","title":"logs generic Error with INTERNAL_ERROR code","duration":0.09991700000000492,"failureMessages":[],"meta":{},"tags":[]},{"ancestorTitles":["logRouteError"],"fullName":"logRouteError logs non-Error with Unknown error message","status":"passed","title":"logs non-Error with Unknown error message","duration":0.08254099999999198,"failureMessages":[],"meta":{},"tags":[]},{"ancestorTitles":["logRouteError"],"fullName":"logRouteError includes database error when applicable","status":"passed","title":"includes database error when applicable","duration":0.4912080000000003,"failureMessages":[],"meta":{},"tags":[]},{"ancestorTitles":["jsonWithCorrelationId"],"fullName":"jsonWithCorrelationId returns response with correlation header","status":"passed","title":"returns response with correlation header","duration":3.325875000000025,"failureMessages":[],"meta":{},"tags":[]},{"ancestorTitles":["jsonWithCorrelationId"],"fullName":"jsonWithCorrelationId respects custom status","status":"passed","title":"respects custom status","duration":0.19900000000001228,"failureMessages":[],"meta":{},"tags":[]},{"ancestorTitles":["errorResponseWithCorrelationId"],"fullName":"errorResponseWithCorrelationId uses AttendeeApiError status","status":"passed","title":"uses AttendeeApiError status","duration":0.18979099999995697,"failureMessages":[],"meta":{},"tags":[]},{"ancestorTitles":["errorResponseWithCorrelationId"],"fullName":"errorResponseWithCorrelationId uses database error status when applicable","status":"passed","title":"uses database error status when applicable","duration":0.12770799999998417,"failureMessages":[],"meta":{},"tags":[]},{"ancestorTitles":["errorResponseWithCorrelationId"],"fullName":"errorResponseWithCorrelationId defaults to 500 for unknown errors","status":"passed","title":"defaults to 500 for unknown errors","duration":0.09395900000004076,"failureMessages":[],"meta":{},"tags":[]}],"startTime":1777137448791,"endTime":1777137448799.199,"status":"passed","message":"","name":"/Users/alrs/Documents/projects/FaceLocator/tests/attendees/logging.test.ts"},{"assertionResults":[{"ancestorTitles":["attendee mapper"],"fullName":"attendee mapper maps field-level API errors into form errors","status":"passed","title":"maps field-level API errors into form errors","duration":1.2355000000000018,"failureMessages":[],"meta":{},"tags":[]},{"ancestorTitles":["attendee mapper"],"fullName":"attendee mapper returns an empty object for non-field errors","status":"passed","title":"returns an empty object for non-field errors","duration":0.11887500000000273,"failureMessages":[],"meta":{},"tags":[]},{"ancestorTitles":["attendee mapper"],"fullName":"attendee mapper returns deterministic copy for status helpers","status":"passed","title":"returns deterministic copy for status helpers","duration":0.2078340000000054,"failureMessages":[],"meta":{},"tags":[]}],"startTime":1777137449545,"endTime":1777137449546.2356,"status":"passed","message":"","name":"/Users/alrs/Documents/projects/FaceLocator/tests/attendees/mapper.test.ts"},{"assertionResults":[{"ancestorTitles":["pollRegistrationStatus"],"fullName":"pollRegistrationStatus returns immediately when already in terminal state ENROLLED","status":"passed","title":"returns immediately when already in terminal state ENROLLED","duration":2.813124999999985,"failureMessages":[],"meta":{},"tags":[]},{"ancestorTitles":["pollRegistrationStatus"],"fullName":"pollRegistrationStatus returns immediately on FAILED status","status":"passed","title":"returns immediately on FAILED status","duration":0.21483299999999872,"failureMessages":[],"meta":{},"tags":[]},{"ancestorTitles":["pollRegistrationStatus"],"fullName":"pollRegistrationStatus returns immediately on CANCELLED status","status":"passed","title":"returns immediately on CANCELLED status","duration":0.24620800000002419,"failureMessages":[],"meta":{},"tags":[]},{"ancestorTitles":["pollRegistrationStatus"],"fullName":"pollRegistrationStatus polls until ENROLLED after intermediate states","status":"passed","title":"polls until ENROLLED after intermediate states","duration":0.6286249999999995,"failureMessages":[],"meta":{},"tags":[]},{"ancestorTitles":["pollRegistrationStatus"],"fullName":"pollRegistrationStatus invokes onStatus with each polled status","status":"passed","title":"invokes onStatus with each polled status","duration":1.0481249999999989,"failureMessages":[],"meta":{},"tags":[]},{"ancestorTitles":["pollRegistrationStatus"],"fullName":"pollRegistrationStatus exports a non-zero poll interval constant","status":"passed","title":"exports a non-zero poll interval constant","duration":0.0927910000000054,"failureMessages":[],"meta":{},"tags":[]}],"startTime":1777137449046,"endTime":1777137449051.0928,"status":"passed","message":"","name":"/Users/alrs/Documents/projects/FaceLocator/tests/attendees/orchestrator.test.ts"},{"assertionResults":[{"ancestorTitles":["postgres attendee repository"],"fullName":"postgres attendee repository reuses an existing registration for repeated submission keys and refreshes upload instructions","status":"passed","title":"reuses an existing registration for repeated submission keys and refreshes upload instructions","duration":2.510333000000003,"failureMessages":[],"meta":{},"tags":[]},{"ancestorTitles":["postgres attendee repository"],"fullName":"postgres attendee repository persists new registration intent state and transitions completion/status lookups","status":"passed","title":"persists new registration intent state and transitions completion/status lookups","duration":2.4511660000000006,"failureMessages":[],"meta":{},"tags":[]}],"startTime":1777137449043,"endTime":1777137449048.4512,"status":"passed","message":"","name":"/Users/alrs/Documents/projects/FaceLocator/tests/attendees/postgres-repository.test.ts"},{"assertionResults":[{"ancestorTitles":["attendee repository"],"fullName":"attendee repository reuses the same registration for repeated submission keys","status":"passed","title":"reuses the same registration for repeated submission keys","duration":2.5933750000000373,"failureMessages":[],"meta":{},"tags":[]},{"ancestorTitles":["attendee repository"],"fullName":"attendee repository reuses attendee identity for the same event and email across registrations","status":"passed","title":"reuses attendee identity for the same event and email across registrations","duration":0.29283400000002757,"failureMessages":[],"meta":{},"tags":[]},{"ancestorTitles":["attendee repository"],"fullName":"attendee repository transitions processing registrations into enrolled after the delay window","status":"passed","title":"transitions processing registrations into enrolled after the delay window","duration":0.4608329999999796,"failureMessages":[],"meta":{},"tags":[]},{"ancestorTitles":["attendee repository"],"fullName":"attendee repository treats repeated completion calls as idempotent","status":"passed","title":"treats repeated completion calls as idempotent","duration":0.171291999999994,"failureMessages":[],"meta":{},"tags":[]},{"ancestorTitles":["attendee repository"],"fullName":"attendee repository raises typed not-found errors for missing registrations","status":"passed","title":"raises typed not-found errors for missing registrations","duration":0.5473330000000374,"failureMessages":[],"meta":{},"tags":[]}],"startTime":1777137449520,"endTime":1777137449523.5474,"status":"passed","message":"","name":"/Users/alrs/Documents/projects/FaceLocator/tests/attendees/repository.test.ts"},{"assertionResults":[{"ancestorTitles":["attendee route handlers"],"fullName":"attendee route handlers creates, completes, and resolves registration status with stable JSON shapes","status":"passed","title":"creates, completes, and resolves registration status with stable JSON shapes","duration":7.80987499999992,"failureMessages":[],"meta":{},"tags":[]},{"ancestorTitles":["attendee route handlers"],"fullName":"attendee route handlers returns a poll-safe pending status before completion","status":"passed","title":"returns a poll-safe pending status before completion","duration":0.6010839999999007,"failureMessages":[],"meta":{},"tags":[]},{"ancestorTitles":["attendee route handlers"],"fullName":"attendee route handlers returns a stable processing payload while the registration is still in progress","status":"passed","title":"returns a stable processing payload while the registration is still in progress","duration":0.5547090000000026,"failureMessages":[],"meta":{},"tags":[]},{"ancestorTitles":["attendee route handlers"],"fullName":"attendee route handlers returns stable error payloads for invalid registration requests","status":"passed","title":"returns stable error payloads for invalid registration requests","duration":1.6952909999999974,"failureMessages":[],"meta":{},"tags":[]},{"ancestorTitles":["attendee route handlers"],"fullName":"attendee route handlers returns 404 for unknown completion and status lookups","status":"passed","title":"returns 404 for unknown completion and status lookups","duration":0.47012500000005275,"failureMessages":[],"meta":{},"tags":[]},{"ancestorTitles":["attendee route handlers"],"fullName":"attendee route handlers treats repeated completion requests as idempotent retries","status":"passed","title":"treats repeated completion requests as idempotent retries","duration":0.5437919999999394,"failureMessages":[],"meta":{},"tags":[]},{"ancestorTitles":["attendee route handlers"],"fullName":"attendee route handlers returns the same logical registration for repeated submission keys","status":"passed","title":"returns the same logical registration for repeated submission keys","duration":0.38254200000005767,"failureMessages":[],"meta":{},"tags":[]},{"ancestorTitles":["attendee route handlers"],"fullName":"attendee route handlers returns a placeholder throttling response when rate limiting is forced","status":"passed","title":"returns a placeholde
[...]
column":null}},"type":"if","locations":[{"start":{"line":165,"column":4},"end":{"line":168,"column":null}},{"start":{},"end":{}}],"line":165},"14":{"loc":{"start":{"line":165,"column":8},"end":{"line":165,"column":52}},"type":"binary-expr","locations":[{"start":{"line":165,"column":8},"end":{"line":165,"column":33}},{"start":{"line":165,"column":33},"end":{"line":165,"column":52}}],"line":165},"15":{"loc":{"start":{"line":182,"column":4},"end":{"line":184,"column":null}},"type":"if","locations":[{"start":{"line":182,"column":4},"end":{"line":184,"column":null}},{"start":{},"end":{}}],"line":182},"16":{"loc":{"start":{"line":192,"column":23},"end":{"line":192,"column":60}},"type":"binary-expr","locations":[{"start":{"line":192,"column":23},"end":{"line":192,"column":56}},{"start":{"line":192,"column":56},"end":{"line":192,"column":60}}],"line":192},"17":{"loc":{"start":{"line":201,"column":30},"end":{"line":201,"column":null}},"type":"binary-expr","locations":[{"start":{"line":201,"column":30},"end":{"line":201,"column":47}},{"start":{"line":201,"column":47},"end":{"line":201,"column":null}}],"line":201},"18":{"loc":{"start":{"line":208,"column":19},"end":{"line":208,"column":null}},"type":"binary-expr","locations":[{"start":{"line":208,"column":19},"end":{"line":208,"column":41}},{"start":{"line":208,"column":41},"end":{"line":208,"column":null}}],"line":208},"19":{"loc":{"start":{"line":209,"column":16},"end":{"line":209,"column":null}},"type":"binary-expr","locations":[{"start":{"line":209,"column":16},"end":{"line":209,"column":38}},{"start":{"line":209,"column":38},"end":{"line":209,"column":null}}],"line":209},"20":{"loc":{"start":{"line":210,"column":21},"end":{"line":210,"column":null}},"type":"binary-expr","locations":[{"start":{"line":210,"column":21},"end":{"line":210,"column":43}},{"start":{"line":210,"column":43},"end":{"line":210,"column":null}}],"line":210},"21":{"loc":{"start":{"line":216,"column":4},"end":{"line":227,"column":null}},"type":"if","locations":[{"start":{"line":216,"column":4},"end":{"line":227,"column":null}},{"start":{},"end":{}}],"line":216},"22":{"loc":{"start":{"line":218,"column":8},"end":{"line":220,"column":null}},"type":"if","locations":[{"start":{"line":218,"column":8},"end":{"line":220,"column":null}},{"start":{},"end":{}}],"line":218},"23":{"loc":{"start":{"line":218,"column":12},"end":{"line":218,"column":54}},"type":"binary-expr","locations":[{"start":{"line":218,"column":12},"end":{"line":218,"column":27}},{"start":{"line":218,"column":27},"end":{"line":218,"column":54}}],"line":218},"24":{"loc":{"start":{"line":239,"column":6},"end":{"line":242,"column":null}},"type":"if","locations":[{"start":{"line":239,"column":6},"end":{"line":242,"column":null}},{"start":{},"end":{}}],"line":239},"25":{"loc":{"start":{"line":262,"column":10},"end":{"line":265,"column":null}},"type":"if","locations":[{"start":{"line":262,"column":10},"end":{"line":265,"column":null}},{"start":{},"end":{}}],"line":262},"26":{"loc":{"start":{"line":267,"column":10},"end":{"line":270,"column":null}},"type":"if","locations":[{"start":{"line":267,"column":10},"end":{"line":270,"column":null}},{"start":{},"end":{}}],"line":267},"27":{"loc":{"start":{"line":267,"column":14},"end":{"line":267,"column":75}},"type":"binary-expr","locations":[{"start":{"line":267,"column":14},"end":{"line":267,"column":44}},{"start":{"line":267,"column":44},"end":{"line":267,"column":75}}],"line":267},"28":{"loc":{"start":{"line":276,"column":6},"end":{"line":283,"column":null}},"type":"if","locations":[{"start":{"line":276,"column":6},"end":{"line":283,"column":null}},{"start":{"line":278,"column":6},"end":{"line":283,"column":null}}],"line":276},"29":{"loc":{"start":{"line":278,"column":6},"end":{"line":283,"column":null}},"type":"if","locations":[{"start":{"line":278,"column":6},"end":{"line":283,"column":null}},{"start":{},"end":{}}],"line":278},"30":{"loc":{"start":{"line":279,"column":8},"end":{"line":280,"column":null}},"type":"binary-expr","locations":[{"start":{"line":279,"column":8},"end":{"line":279,"column":null}},{"start":{"line":280,"column":8},"end":{"line":280,"column":null}}],"line":279},"31":{"loc":{"start":{"line":286,"column":27},"end":{"line":286,"column":null}},"type":"cond-expr","locations":[{"start":{"line":286,"column":36},"end":{"line":286,"column":87}},{"start":{"line":286,"column":87},"end":{"line":286,"column":null}}],"line":286},"32":{"loc":{"start":{"line":290,"column":8},"end":{"line":290,"column":null}},"type":"binary-expr","locations":[{"start":{"line":290,"column":8},"end":{"line":290,"column":35}},{"start":{"line":290,"column":35},"end":{"line":290,"column":null}}],"line":290},"33":{"loc":{"start":{"line":327,"column":24},"end":{"line":327,"column":null}},"type":"cond-expr","locations":[{"start":{"line":327,"column":43},"end":{"line":327,"column":52}},{"start":{"line":327,"column":52},"end":{"line":327,"column":null}}],"line":327},"34":{"loc":{"start":{"line":328,"column":28},"end":{"line":328,"column":null}},"type":"cond-expr","locations":[{"start":{"line":328,"column":47},"end":{"line":328,"column":62}},{"start":{"line":328,"column":62},"end":{"line":328,"column":null}}],"line":328},"35":{"loc":{"start":{"line":330,"column":9},"end":{"line":334,"column":null}},"type":"cond-expr","locations":[{"start":{"line":331,"column":10},"end":{"line":333,"column":null}},{"start":{"line":334,"column":12},"end":{"line":334,"column":null}}],"line":330},"36":{"loc":{"start":{"line":349,"column":24},"end":{"line":349,"column":null}},"type":"cond-expr","locations":[{"start":{"line":349,"column":44},"end":{"line":349,"column":53}},{"start":{"line":349,"column":53},"end":{"line":349,"column":null}}],"line":349},"37":{"loc":{"start":{"line":350,"column":28},"end":{"line":350,"column":null}},"type":"cond-expr","locations":[{"start":{"line":350,"column":48},"end":{"line":350,"column":64}},{"start":{"line":350,"column":64},"end":{"line":350,"column":null}}],"line":350},"38":{"loc":{"start":{"line":352,"column":9},"end":{"line":356,"column":null}},"type":"cond-expr","locations":[{"start":{"line":353,"column":10},"end":{"line":355,"column":null}},{"start":{"line":356,"column":12},"end":{"line":356,"column":null}}],"line":352},"39":{"loc":{"start":{"line":385,"column":33},"end":{"line":385,"column":70}},"type":"binary-expr","locations":[{"start":{"line":385,"column":33},"end":{"line":385,"column":66}},{"start":{"line":385,"column":66},"end":{"line":385,"column":70}}],"line":385},"40":{"loc":{"start":{"line":388,"column":26},"end":{"line":388,"column":null}},"type":"cond-expr","locations":[{"start":{"line":388,"column":47},"end":{"line":388,"column":56}},{"start":{"line":388,"column":56},"end":{"line":388,"column":null}}],"line":388},"41":{"loc":{"start":{"line":389,"column":30},"end":{"line":389,"column":null}},"type":"cond-expr","locations":[{"start":{"line":389,"column":51},"end":{"line":389,"column":68}},{"start":{"line":389,"column":68},"end":{"line":389,"column":null}}],"line":389},"42":{"loc":{"start":{"line":404,"column":9},"end":{"line":434,"column":null}},"type":"cond-expr","locations":[{"start":{"line":405,"column":10},"end":{"line":430,"column":null}},{"start":{"line":432,"column":10},"end":{"line":434,"column":null}}],"line":404},"43":{"loc":{"start":{"line":436,"column":9},"end":{"line":440,"column":null}},"type":"cond-expr","locations":[{"start":{"line":437,"column":10},"end":{"line":439,"column":null}},{"start":{"line":440,"column":12},"end":{"line":440,"column":null}}],"line":436},"44":{"loc":{"start":{"line":462,"column":24},"end":{"line":462,"column":null}},"type":"cond-expr","locations":[{"start":{"line":462,"column":54},"end":{"line":462,"column":63}},{"start":{"line":462,"column":63},"end":{"line":462,"column":null}}],"line":462},"45":{"loc":{"start":{"line":463,"column":28},"end":{"line":463,"column":null}},"type":"cond-expr","locations":[{"start":{"line":463,"column":58},"end":{"line":463,"column":76}},{"start":{"line":463,"column":76},"end":{"line":463,"column":null}}],"line":463},"46":{"loc":{"start":{"line":469,"column":7},"end":{"line":473,"column":null}},"type":"cond-expr","locations":[{"start":{"line":470,"column":8},"end":{"line":472,"column":null}},{"start":{"line":473,"column":10},"end":{"line":473,"column":null}}],"line":469},"47":{"loc":{"start":{"line":505,"column":22},"end":{"line":505,"column":null}},"type":"cond-expr","locations":[{"start":{"line":505,"column":34},"end":{"line":505,"column":46}},{"start":{"line":505,"column":46},"end":{"line":505,"column":null}}],"line":505},"48":{"loc":{"start":{"line":506,"column":17},"end":{"line":506,"column":null}},"type":"cond-expr","locations":[{"start":{"line":506,"column":29},"end":{"line":506,"column":41}},{"start":{"line":506,"column":41},"end":{"line":506,"column":null}}],"line":506},"49":{"loc":{"start":{"line":508,"column":18},"end":{"line":508,"column":null}},"type":"cond-expr","locations":[{"start":{"line":508,"column":30},"end":{"line":508,"column":43}},{"start":{"line":508,"column":43},"end":{"line":508,"column":null}}],"line":508},"50":{"loc":{"start":{"line":511,"column":9},"end":{"line":511,"column":null}},"type":"cond-expr","locations":[{"start":{"line":511,"column":21},"end":{"line":511,"column":56}},{"start":{"line":511,"column":56},"end":{"line":511,"column":null}}],"line":511},"51":{"loc":{"start":{"line":548,"column":26},"end":{"line":548,"column":77}},"type":"cond-expr","locations":[{"start":{"line":548,"column":37},"end":{"line":548,"column":62}},{"start":{"line":548,"column":62},"end":{"line":548,"column":77}}],"line":548},"52":{"loc":{"start":{"line":551,"column":16},"end":{"line":551,"column":null}},"type":"cond-expr","locations":[{"start":{"line":551,"column":27},"end":{"line":551,"column":55}},{"start":{"line":551,"column":55},"end":{"line":551,"column":null}}],"line":551}},"s":{"0":72,"1":72,"2":72,"3":72,"4":72,"5":72,"6":72,"7":72,"8":72,"9":72,"10":72,"11":72,"12":72,"13":72,"14":8,"15":72,"16":8,"17":7,"18":1,"19":1,"20":1,"21":0,"22":1,"23":1,"24":1,"25":1,"26":1,"27":0,"28":0,"29":0,"30":0,"31":0,"32":0,"33":0,"34":0,"35":0,"36":0,"37":0,"38":0,"39":0,"40":1,"41":1,"42":72,"43":14,"44":14,"45":6,"46":72,"47":12,"48":12,"49":1,"50":1,"51":1,"52":6,"53":6,"54":6,"55":1,"56":1,"57":6,"58":0,"59":0,"60":6,"61":0,"62":0,"63":0,"64":0,"65":6,"66":6,"67":6,"68":6,"69":6,"70":6,"71":10,"72":0,"73":0,"74":0,"75":1,"76":1,"77":1,"78":1,"79":0,"80":0,"81":0,"82":1,"83":1,"84":1,"85":3,"86":3,"87":3,"88":3,"89":3,"90":3,"91":3,"92":3,"93":1,"94":6,"95":4,"96":6,"97":1,"98":1,"99":1,"100":2,"101":2,"102":2,"103":2,"104":2,"105":1,"106":1,"107":1,"108":1,"109":0,"110":0,"111":1,"112":1,"113":1,"114":1,"115":1,"116":1,"117":1,"118":1,"119":1,"120":1,"121":1,"122":1,"123":0,"124":0,"125":0,"126":0,"127":1,"128":1,"129":0,"130":0,"131":1,"132":1,"133":1,"134":1,"135":1,"136":72,"137":16,"138":32,"139":5,"140":2,"141":1,"142":1,"143":72,"144":1},"f":{"0":72,"1":8,"2":8,"3":1,"4":0,"5":1,"6":14,"7":14,"8":12,"9":1,"10":6,"11":6,"12":0,"13":10,"14":0,"15":1,"16":1,"17":0,"18":1,"19":3,"20":6,"21":1,"22":16,"23":32,"24":5,"25":2,"26":72},"b":{"0":[7,1],"1":[0,1],"2":[1,0],"3":[0,0],"4":[0,0],"5":[0,0],"6":[0,0],"7":[6,8],"8":[12,8],"9":[1,5],"10":[0,6],"11":[0,6],"12":[6,0],"13":[0,0],"14":[0,0],"15":[0,0],"16":[1,0],"17":[3,3],"18":[3,1],"19":[3,1],"20":[3,1],"21":[1,2],"22":[4,2],"23":[6,6],"24":[0,1],"25":[1,0],"26":[0,0],"27":[0,0],"28":[1,0],"29":[0,0],"30":[0,0],"31":[1,0],"32":[1,0],"33":[1,71],"34":[1,71],"35":[1,71],"36":[2,70],"37":[2,70],"38":[2,70],"39":[5,0],"40":[1,71],"41":[1,71],"42":[10,62],"43":[1,71],"44":[1,71],"45":[1,71],"46":[1,71],"47":[2,70],"48":[2,70],"49":[2,70],"50":[2,70],"51":[2,70],"52":[2,70]},"meta":{"lastBranch":53,"lastFunction":27,"lastStatement":145,"seen":{"f:30:16:30:39":0,"s:35:8:35:Infinity":0,"s:37:22:37:Infinity":1,"s:38:24:38:Infinity":2,"s:39:44:39:Infinity":3,"s:40:38:40:Infinity":4,"s:41:34:41:Infinity":5,"s:42:40:42:Infinity":6,"s:43:28:43:Infinity":7,"s:44:40:46:Infinity":8,"s:47:42:49:Infinity":9,"s:50:36:50:Infinity":10,"s:51:38:51:Infinity":11,"s:52:8:52:Infinity":12,"s:54:2:56:Infinity":13,"f:54:12:54:18":1,"s:55:4:55:Infinity":14,"s:58:2:102:Infinity":15,"f:58:12:58:18":2,"b:59:4:61:Infinity:undefined:undefined:undefined:undefined":0,"s:59:4:61:Infinity":16,"s:60:6:60:Infinity":17,"s:63:20:63:Infinity":18,"s:65:4:97:Infinity":19,"f:65:78:65:79":3,"b:66:6:68:Infinity:undefined:undefined:undefined:undefined":1,"s:66:6:68:Infinity":20,"s:67:8:67:Infinity":21,"s:70:6:70:Infinity":22,"b:72:6:76:Infinity:undefined:undefined:undefined:undefined":2,"s:72:6:76:Infinity":23,"s:73:8:73:Infinity":24,"s:74:8:74:Infinity":25,"s:75:8:75:Infinity":26,"b:78:6:82:Infinity:undefined:undefined:undefined:undefined":3,"s:78:6:82:Infinity":27,"b:78:10:78:40:78:40:78:71":4,"s:79:8:79:Infinity":28,"s:80:8:80:Infinity":29,"s:81:8:81:Infinity":30,"b:84:6:88:Infinity:undefined:undefined:undefined:undefined":5,"s:84:6:88:Infinity":31,"s:85:8:85:Infinity":32,"s:86:8:86:Infinity":33,"s:87:8:87:Infinity":34,"s:90:6:90:Infinity":35,"s:91:6:91:Infinity":36,"f:92:13:92:19":4,"b:93:6:96:Infinity:undefined:undefined:undefined:undefined":6,"s:93:6:96:Infinity":37,"s:94:8:94:Infinity":38,"s:95:8:95:Infinity":39,"s:99:4:101:Infinity":40,"f:99:11:99:17":5,"s:100:6:100:Infinity":41,"s:104:2:110:Infinity":42,"f:104:12:104:18":6,"s:105:4:109:Infinity":43,"f:105:11:105:17":7,"b:106:6:108:Infinity:undefined:undefined:undefined:undefined":7,"s:106:6:108:Infinity":44,"s:107:8:107:Infinity":45,"s:112:20:112:Infinity":46,"f:114:11:114:25":8,"s:115:4:115:Infinity":47,"s:116:4:116:Infinity":48,"b:116:21:116:36:116:21:116:83":8,"f:119:11:119:33":9,"s:120:4:120:Infinity":49,"s:121:20:121:Infinity":50,"s:122:4:122:Infinity":51,"f:125:11:125:30":10,"s:126:4:129:Infinity":52,"f:126:19:126:20":11,"s:126:33:129:6":53,"b:131:4:134:Infinity:undefined:undefined:undefined:undefined":9,"s:131:4:134:Infinity":54,"s:132:6:132:Infinity":55,"s:133:6:133:Infinity":56,"b:136:4:139:Infinity:undefined:undefined:undefined:undefined":10,"s:136:4:139:Infinity":57,"s:137:6:137:Infinity":58,"s:138:6:138:Infinity":59,"b:141:4:148:Infinity:undefined:undefined:undefined:undefined":11,"s:141:4:148:Infinity":60,"s:142:6:142:Infinity":61,"s:143:6:146:Infinity":62,"f:143:21:143:22":12,"s:143:35:146:8":63,"s:147:6:147:Infinity":64,"s:150:27:150:Infinity":65,"s:151:4:151:Infinity":66,"s:152:4:152:Infinity":67,"s:153:4:153:Infinity":68,"b:155:4:157:Infinity:undefined:undefined:undefined:undefined":12,"s:155:4:157:Infinity":69,"s:156:6:156:Infinity":70,"f:160:11:160:28":13,"s:161:4:161:Infinity":71,"f:164:11:164:33":14,"b:165:4:168:Infinity:undefined:undefined:undefined:undefined":13,"s:165:4:168:Infinity":72,"b:165:8:165:33:165:33:165:52":14,"s:166:6:166:Infinity":73,"s:167:6:167:Infinity":74,"f:171:11:171:37":15,"s:172:4:172:Infinity":75,"f:175:11:175:34":16,"s:176:4:176:Infinity":76,"s:177:4:177:Infinity":77,"s:178:4:178:Infinity":78,"f:181:11:181:35":17,"b:182:4:184:Infinity:undefined:undefined:undefined:undefined":15,"s:182:4:184:Infinity":79,"s:183:6:183:Infinity":80,"s:186:4:186:Infinity":81,"f:189:11:189:30":18,"s:190:4:190:Infinity":82,"s:191:4:191:Infinity":83,"s:192:4:192:Infinity":84,"b:192:23:192:56:192:56:192:60":16,"f:195:17:195:30":19,"s:196:4:196:Infinity":85,"s:198:4:198:Infinity":86,"s:199:4:199:Infinity":87,"s:201:30:201:Infinity":88,"b:201:30:201:47:201:47:201:Infinity":17,"s:202:4:202:Infinity":89,"s:204:25:213:Infinity":90,"b:208:19:208:41:208:41:208:Infinity":18,"b:209:16:209:38:209:38:209:Infinity":19,"b:210:21:210:43:210:43:210:Infinity":20,"s:215:10:215:Infinity":91,"b:216:4:227:Infinity:undefined:undefined:undefined:undefined":21,"s:216:4:227:Infinity":92,"s:217:30:222:Infinity":93,"f:217:67:217:68":20,"b:218:8:220:Infinity:undefined:undefined:undefined:undefined":22,"s:218:8:220:Infinity":94,"b:218:12:218:27:218:27:218:54":23,"s:219:10:219:Infinity":95,"s:221:8:221:Infinity":96,"s:224:6:224:Infinity":97,"s:225:6:225:Infinity":98,"s:226:6:226:Infinity":99,"s:229:4:293:Infinity":100,"s:230:12:230:Infinity":101,"s:231:6:231:Infinity":102,"s:233:6:233:Infinity":103,"s:234:27:234:Infinity":104,"s:235:6:235:Infinity":105,"s:236:6:236:Infinity":106,"s:237:6:237:Infinity":107,"b:239:6:242:Infinity:undefined:undefined:undefined:undefined":24,"s:239:6:242:Infinity":108,"s:240:8:240:Infinity":109,"s:241:8:241:Infinity":110,"s:244:6:244:Infinity":111,"s:245:6:245:Infinity":112,"s:246:6:246:Infinity":113,"s:247:6:247:Infinity":114,"s:249:6:249:Infinity":115,"s:250:25:253:Infinity":116,"s:255:6:255:Infinity":117,"s:256:6:256:Infinity":118,"s:258:29:274:Infinity":119,"f:261:8:261:9":21,"b:262:10:265:Infinity:undefined:undefined:undefined:undefined":25,"s:262:10:265:Infinity":120,"s:263:12:263:Infinity":121,"s:264:12:264:Infinity":122,"b:267:10:270:Infinity:undefined:undefined:undefined:undefined":26,"s:267:10:270:Infinity":123,"b:267:14:267:44:267:44:267:75":27,"s:268:12:268:Infinity":124,"s:269:12:269:Infinity":125,"s:272:10:272:Infinity":126,"b:276:6:283:Infinity:278:6:283:Infinity":28,"s:276:6:283:Infinity":127,"s:277:8:277:Infinity":128,"b:278:6:283:Infinity:undefined:undefined:undefined:undefined":29,"s:278:6:283:Infinity":129,"b:279:8:279:Infinity:280:8:280:Infinity":30,"s:282:8:282:Infinity":130,"s:285:23:285:Infinity":131,"s:286:27:286:Infinity":132,"b:286:36:286:87:286:87:286:Infinity":31,"s:287:6:287:Infinity":133,"s:288:6:291:Infinity":134,"b:290:8:290:35:290:35:290:Infinity":32,"s:292:6:292:Infinity":135,"s:296:2:519:Infinity":136,"f:324:20:324:21":22,"s:324:31:324:Infinity":137,"b:327:43:327:52:327:52:327:Infinity":33,"b:328:47:328:62:328:62:328:Infinity":34,"b:331:10:333:Infinity:334:12:334:Infinity":35,"f:346:20:346:21":23,"s:346:31:346:Infinity":138,"b:349:44:349:53:349:53:349:Infinity":36,"b:350:48:350:64:350:64:350:Infinity":37,"b:353:10:355:Infinity:356:12:356:Infinity":38,"f:384:22:384:23":24,"s:385:14:385:Infinity":139,"b:385:33:385:66:385:66:385:70":39,"b:388:47:388:56:388:56:388:Infinity":40,"b:389:51:389:68:389:68:389:Infinity":41,"b:405:10:430:Infinity:432:10:434:Infinity":42,"b:437:10:439:Infinity:440:12:440:Infinity":43,"f:460:20:460:21":25,"s:460:31:460:Infinity":140,"b:462:54:462:63:462:63:462:Infinity":44,"b:463:58:463:76:463:76:463:Infinity":45,"b:470:8:472:Infinity:473:10:473:Infinity":46,"b:505:34:505:46:505:46:505:Infinity":47,"b:506:29:506:41:506:41:506:Infinity":48,"b:508:30:508:43:508:43:508:Infinity":49,"b:511:21:511:56:511:56:511:Infinity":50,"s:523:35:531:Infinity":141,"s:533:41:543:Infinity":142,"f:545:9:545:24":26,"s:546:2:554:Infinity":143,"b:548:37:548:62:548:62:548:77":51,"b:551:27:551:55:551:55:551:Infinity":52,"s:557:35:561:Infinity":144}}},"/Users/alrs/Documents/projects/FaceLocator/lib/attendees/telemetry.ts":{"path":"/Users/alrs/Documents/projects/FaceLocator/lib/attendees/telemetry.ts","statementMap":{"0":{"start":{"line":16,"column":2},"end":{"line":16,"column":null}},"1":{"start":{"line":17,"column":2},"end":{"line":17,"column":null}},"2":{"start":{"line":18,"column":2},"end":{"line":18,"column":null}}},"fnMap":{"0":{"name":"trackEnrollmentEvent","decl":{"start":{"line":12,"column":16},"end":{"line":12,"column":null}},"loc":{"start":{"line":15,"column":2},"end":{"line":19,"column":null}},"line":15}},"branchMap":{},"s":{"0":22,"1":22,"2":22},"f":{"0":22},"b":{},"meta":{"lastBranch":0,"lastFunction":1,"lastStatement":3,"seen":{"f:12:16:12:Infinity":0,"s:16:2:16:Infinity":0,"s:17:2:17:Infinity":1,"s:18:2:18:Infinity":2}}},"/Users/alrs/Documents/projects/FaceLocator/lib/attendees/contracts.ts":{"path":"/Users/alrs/Documents/projects/FaceLocator/lib/attendees/contracts.ts","statementMap":{"0":{"start":{"line":1,"column":35},"end":{"line":8,"column":null}},"1":{"start":{"line":12,"column":32},"end":{"line":17,"column":null}}},"fnMap":{},"branchMap":{},"s":{"0":0,"1":0},"f":{},"b":{},"meta":{"lastBranch":0,"lastFunction":0,"lastStatement":2,"seen":{"s:1:35:8:Infinity":0,"s:12:32:17:Infinity":1}}}}}